#
# There is insufficient memory for the Java Runtime Environment to continue.
# Native memory allocation (malloc) failed to allocate 1048576 bytes for AllocateHeap
# Possible reasons:
#   The system is out of physical RAM or swap space
#   The process is running with CompressedOops enabled, and the Java Heap may be blocking the growth of the native heap
# Possible solutions:
#   Reduce memory load on the system
#   Increase physical memory or swap space
#   Check if swap backing store is full
#   Decrease Java heap size (-Xmx/-Xms)
#   Decrease number of Java threads
#   Decrease Java thread stack sizes (-Xss)
#   Set larger code cache with -XX:ReservedCodeCacheSize=
#   JVM is running with Zero Based Compressed Oops mode in which the Java heap is
#     placed in the first 32GB address space. The Java Heap base address is the
#     maximum limit for the native heap growth. Please use -XX:HeapBaseMinAddress
#     to set the Java Heap base and to place the Java Heap above 32GB virtual address.
# This output file may be truncated or incomplete.
#
#  Out of Memory Error (memory/allocation.inline.hpp:61), pid=100108, tid=0x0000000000018a38
#
# JRE version:  (8.0_321-b07) (build )
# Java VM: Java HotSpot(TM) 64-Bit Server VM (25.321-b07 mixed mode windows-amd64 compressed oops)
# Failed to write core dump. Minidumps are not enabled by default on client versions of Windows
#

---------------  T H R E A D  ---------------

Current thread (0x000001ff46159000):  JavaThread "Unknown thread" [_thread_in_vm, id=100920, stack(0x00000087e2500000,0x00000087e2600000)]

Stack: [0x00000087e2500000,0x00000087e2600000]
Native frames: (J=compiled Java code, j=interpreted, Vv=VM code, C=native code)
V  [jvm.dll+0x32fc49]
V  [jvm.dll+0x2761a2]
V  [jvm.dll+0x276e4d]
V  [jvm.dll+0x26d7f5]
V  [jvm.dll+0x509d]
V  [jvm.dll+0x3d43b3]
V  [jvm.dll+0x3d4dc8]
V  [jvm.dll+0xfd2ff]
V  [jvm.dll+0x20a8eb]
V  [jvm.dll+0x239417]
V  [jvm.dll+0x162e26]
C  [javaw.exe+0x2322]
C  [javaw.exe+0x16544]
C  [KERNEL32.DLL+0x17034]
C  [ntdll.dll+0x52651]


---------------  P R O C E S S  ---------------

Java Threads: ( => current thread )

Other Threads:

=>0x000001ff46159000 (exited) JavaThread "Unknown thread" [_thread_in_vm, id=100920, stack(0x00000087e2500000,0x00000087e2600000)]

VM state:not at safepoint (normal execution)

VM Mutex/Monitor currently owned by a thread: None

heap address: 0x00000006c0a00000, size: 4086 MB, Compressed Oops mode: Zero based, Oop shift amount: 3
Narrow klass base: 0x0000000000000000, Narrow klass shift: 3
Compressed class space size: 1073741824 Address: 0x00000007c0000000

Heap:
 PSYoungGen      total 76288K, used 1310K [0x000000076ae00000, 0x0000000770300000, 0x00000007c0000000)
  eden space 65536K, 2% used [0x000000076ae00000,0x000000076af47af0,0x000000076ee00000)
  from space 10752K, 0% used [0x000000076f880000,0x000000076f880000,0x0000000770300000)
  to   space 10752K, 0% used [0x000000076ee00000,0x000000076ee00000,0x000000076f880000)
 ParOldGen       total 175104K, used 0K [0x00000006c0a00000, 0x00000006cb500000, 0x000000076ae00000)
  object space 175104K, 0% used [0x00000006c0a00000,0x00000006c0a00000,0x00000006cb500000)
 Metaspace       used 778K, capacity 4480K, committed 4480K, reserved 1056768K
  class space    used 76K, capacity 384K, committed 384K, reserved 1048576K

Card table byte_map: [0x000001ff56da0000,0x000001ff575a0000] byte_map_base: 0x000001ff5379b000

Marking Bits: (ParMarkBitMap*) 0x000000006fc59030
 Begin Bits: [0x000001ff57b00000, 0x000001ff5bad8000)
 End Bits:   [0x000001ff5bad8000, 0x000001ff5fab0000)

Polling page: 0x000001ff46110000

CodeCache: size=245760Kb used=328Kb max_used=328Kb free=245431Kb
 bounds [0x000001ff479e0000, 0x000001ff47c50000, 0x000001ff569e0000]
 total_blobs=57 nmethods=0 adapters=38
 compilation: enabled

Compilation events (0 events):
No events

GC Heap History (0 events):
No events

Deoptimization events (0 events):
No events

Classes redefined (0 events):
No events

Internal exceptions (0 events):
No events

Events (10 events):
Event: 0.028 loading class java/lang/Short
Event: 0.028 loading class java/lang/Short done
Event: 0.028 loading class java/lang/Integer
Event: 0.029 loading class java/lang/Integer done
Event: 0.029 loading class java/lang/Long
Event: 0.029 loading class java/lang/Long done
Event: 0.030 loading class java/lang/NullPointerException
Event: 0.030 loading class java/lang/NullPointerException done
Event: 0.030 loading class java/lang/ArithmeticException
Event: 0.030 loading class java/lang/ArithmeticException done


Dynamic libraries:
0x00007ff742b40000 - 0x00007ff742b87000 	C:\Program Files\Java\jdk1.8.0_321\bin\javaw.exe
0x00007ffeadfd0000 - 0x00007ffeae1c8000 	C:\WINDOWS\SYSTEM32\ntdll.dll
0x00007ffeacfe0000 - 0x00007ffead09d000 	C:\WINDOWS\System32\KERNEL32.DLL
0x00007ffeab760000 - 0x00007ffeaba2e000 	C:\WINDOWS\System32\KERNELBASE.dll
0x00007ffeac5e0000 - 0x00007ffeac68e000 	C:\WINDOWS\System32\ADVAPI32.dll
0x00007ffeacea0000 - 0x00007ffeacf3e000 	C:\WINDOWS\System32\msvcrt.dll
0x00007ffeacf40000 - 0x00007ffeacfdc000 	C:\WINDOWS\System32\sechost.dll
0x00007ffead0a0000 - 0x00007ffead1c5000 	C:\WINDOWS\System32\RPCRT4.dll
0x00007ffeacd00000 - 0x00007ffeacea0000 	C:\WINDOWS\System32\USER32.dll
0x00007ffeabf00000 - 0x00007ffeabf22000 	C:\WINDOWS\System32\win32u.dll
0x00007ffeac400000 - 0x00007ffeac42a000 	C:\WINDOWS\System32\GDI32.dll
0x00007ffeabb60000 - 0x00007ffeabc6b000 	C:\WINDOWS\System32\gdi32full.dll
0x00007ffeaba30000 - 0x00007ffeabacd000 	C:\WINDOWS\System32\msvcp_win.dll
0x00007ffeabca0000 - 0x00007ffeabda0000 	C:\WINDOWS\System32\ucrtbase.dll
0x00007ffea47f0000 - 0x00007ffea4a8a000 	C:\WINDOWS\WinSxS\amd64_microsoft.windows.common-controls_6595b64144ccf1df_6.0.19041.1110_none_60b5254171f9507e\COMCTL32.dll
0x00007ffeac0f0000 - 0x00007ffeac120000 	C:\WINDOWS\System32\IMM32.DLL
0x00007ffea29b0000 - 0x00007ffea29c5000 	C:\Program Files\Java\jdk1.8.0_321\jre\bin\vcruntime140.dll
0x00007ffea2830000 - 0x00007ffea28cb000 	C:\Program Files\Java\jdk1.8.0_321\jre\bin\msvcp140.dll
0x000000006f470000 - 0x000000006fcd1000 	C:\Program Files\Java\jdk1.8.0_321\jre\bin\server\jvm.dll
0x00007ffeac690000 - 0x00007ffeac698000 	C:\WINDOWS\System32\PSAPI.DLL
0x00007ffea4ed0000 - 0x00007ffea4ed9000 	C:\WINDOWS\SYSTEM32\WSOCK32.dll
0x00007ffea6940000 - 0x00007ffea6967000 	C:\WINDOWS\SYSTEM32\WINMM.dll
0x00007ffea53c0000 - 0x00007ffea53ca000 	C:\WINDOWS\SYSTEM32\VERSION.dll
0x00007ffead360000 - 0x00007ffead3cb000 	C:\WINDOWS\System32\WS2_32.dll
0x00007ffea9610000 - 0x00007ffea9622000 	C:\WINDOWS\SYSTEM32\kernel.appcore.dll
0x00007ffea2790000 - 0x00007ffea27a0000 	C:\Program Files\Java\jdk1.8.0_321\jre\bin\verify.dll
0x00007ffe8cbe0000 - 0x00007ffe8cc0b000 	C:\Program Files\Java\jdk1.8.0_321\jre\bin\java.dll
0x00007ffe8cb90000 - 0x00007ffe8cba8000 	C:\Program Files\Java\jdk1.8.0_321\jre\bin\zip.dll
0x00007ffe9cdf0000 - 0x00007ffe9cfd4000 	C:\WINDOWS\SYSTEM32\dbghelp.dll
0x00007ffeabad0000 - 0x00007ffeabb52000 	C:\WINDOWS\System32\bcryptPrimitives.dll

VM Arguments:
jvm_args: -ea -Dfile.encoding=UTF-8 
java_command: org.eclipse.jdt.internal.junit.runner.RemoteTestRunner -version 3 -port 51058 -testLoaderClass org.eclipse.jdt.internal.junit4.runner.JUnit4TestLoader -loaderpluginname org.eclipse.jdt.junit4.runtime -classNames com.jaemin.template.crawl.CrawlerTest
java_class_path (initial): C:\Users\003\Desktop\workspace\spring\template\target\test-classes;C:\Users\003\Desktop\workspace\spring\template\target\classes;C:\Users\003\Desktop\workspace\spring\template\src\main\webapp\WEB-INF\lib\jstl-1.2.jar;C:\Users\003\Desktop\workspace\spring\template\src\main\webapp\WEB-INF\lib\PageMaker.jar;C:\Users\003\Desktop\workspace\spring\template\src\main\webapp\WEB-INF\lib\selenium-server-4.4.0.jar;C:\Users\003\.m2\repository\org\springframework\spring-context\5.3.22\spring-context-5.3.22.jar;C:\Users\003\.m2\repository\org\springframework\spring-beans\5.3.22\spring-beans-5.3.22.jar;C:\Users\003\.m2\repository\org\springframework\spring-core\5.3.22\spring-core-5.3.22.jar;C:\Users\003\.m2\repository\org\springframework\spring-jcl\5.3.22\spring-jcl-5.3.22.jar;C:\Users\003\.m2\repository\org\springframework\spring-expression\5.3.22\spring-expression-5.3.22.jar;C:\Users\003\.m2\repository\org\springframework\spring-webmvc\5.3.22\spring-webmvc-5.3.22.jar;C:\Users\003\.m2\repository\org\springframework\spring-web\5.3.22\spring-web-5.3.22.jar;C:\Users\003\.m2\repository\javax\inject\javax.inject\1\javax.inject-1.jar;C:\Users\003\.m2\repository\org\slf4j\slf4j-api\1.7.36\slf4j-api-1.7.36.jar;C:\Users\003\.m2\repository\org\slf4j\jcl-over-slf4j\1.7.36\jcl-over-slf4j-1.7.36.jar;C:\Users\003\.m2\repository\org\slf4j\slf4j-reload4j\1.7.36\slf4j-reload4j-1.7.36.jar;C:\Users\003\.m2\repository\ch\qos\reload4j\reload4j\1.2.19\reload4j-1.2.19.jar;C:\Users\003\.m2\repository\org\bgee\log4jdbc-log4j2\log4jdbc-log4j2-jdbc4.1\1.16\log4jdbc-log4j2-jdbc4.1-1.16.jar;C:\Users\003\.m2\repository\log4j\log4j\1.2.17\log4j-1.2.17.jar;C:\Users\003\.m2\repository\org\springframework\spring-aop\5.3.22\spring-aop-5.3.22.jar;C:\Users\003\.m2\repository\org\aspectj\aspectjweaver\1.9.9.1\aspectjweaver-1.9.9.1.jar;C:\Users\003\.m2\repository\org\aspectj\aspectjrt\1.9.9.1\aspectjrt-1.9.9.1.jar;C:\Users\003\.m2\repository\org\aspectj\aspectjtools\1.9.9.1\aspectjtools-1.
Launcher Type: SUN_STANDARD

Environment Variables:
JAVA_HOME=C:\Program Files\Java\jdk1.8.0_321
PATH=C:/Program Files/Java/jdk1.8.0_321/bin/../jre/bin/server;C:/Program Files/Java/jdk1.8.0_321/bin/../jre/bin;C:/Program Files/Java/jdk1.8.0_321/bin/../jre/lib/amd64;C:\WINDOWS\system32;C:\WINDOWS;C:\WINDOWS\System32\Wbem;C:\WINDOWS\System32\WindowsPowerShell\v1.0\;C:\WINDOWS\System32\OpenSSH\;C:\Program Files\Bandizip\;C:\Program Files\Java\jdk1.8.0_321\bin\;C:\Program Files\MySQL\MySQL Server 8.0\bin;C:\Program Files\Git\cmd;C:\Users\003\AppData\Local\Microsoft\WindowsApps;C:\Users\003\AppData\Local\Programs\Microsoft VS Code\bin;C:\Users\003\AppData\Local\GitHubDesktop\bin;C:\Program Files\JetBrains\IntelliJ IDEA Community Edition 2022.1.3\bin;;C:\Users\003\Desktop\sts\sts-3.9.15.RELEASE;
USERNAME=003
OS=Windows_NT
PROCESSOR_IDENTIFIER=Intel64 Family 6 Model 30 Stepping 5, GenuineIntel



---------------  S Y S T E M  ---------------

OS: Windows 10 , 64 bit Build 19041 (10.0.19041.1889)

CPU:total 8 (initial active 8) (4 cores per cpu, 2 threads per core) family 6 model 30 stepping 5, cmov, cx8, fxsr, mmx, sse, sse2, sse3, ssse3, sse4.1, sse4.2, popcnt, ht, tsc, tscinvbit

Memory: 4k page, physical 16735348k(4633452k free), swap 45964208k(4232k free)

vm_info: Java HotSpot(TM) 64-Bit Server VM (25.321-b07) for windows-amd64 JRE (1.8.0_321-b07), built on Dec 15 2021 11:19:20 by "java_re" with MS VC++ 15.9 (VS2017)

time: Sun Aug 14 17:56:09 2022
timezone: 대한민국 표준시
elapsed time: 0.061847 seconds (0d 0h 0m 0s)

