
7월 15, 2022 14:59:40.723 NEW SESSION
7월 15, 2022 14:59:40.723 [6532:4836:0715/145940.721:ERROR:device_event_log_impl.cc(214)] [14:59:40.720] Bluetooth: bluetooth_adapter_winrt.cc:1074 Getting Default Adapter failed.
7월 15, 2022 15:06:26.117 [7784:2804:0715/150626.117:ERROR:device_event_log_impl.cc(214)] [15:06:26.116] Bluetooth: bluetooth_adapter_winrt.cc:1074 Getting Default Adapter failed.
7월 15, 2022 15:09:41.774 [8656:4176:0715/150941.774:ERROR:device_event_log_impl.cc(214)] [15:09:41.773] Bluetooth: bluetooth_adapter_winrt.cc:1074 Getting Default Adapter failed.
7월 15, 2022 15:11:57.868 [2184:3804:0715/151157.868:ERROR:device_event_log_impl.cc(214)] [15:11:57.868] Bluetooth: bluetooth_adapter_winrt.cc:1074 Getting Default Adapter failed.
7월 15, 2022 15:16:49.109 [10160:7608:0715/151649.108:ERROR:device_event_log_impl.cc(214)] [15:16:49.108] Bluetooth: bluetooth_adapter_winrt.cc:1074 Getting Default Adapter failed.
7월 15, 2022 15:42:14.411 [1380:9592:0715/154214.410:ERROR:device_event_log_impl.cc(214)] [15:42:14.410] Bluetooth: bluetooth_adapter_winrt.cc:1074 Getting Default Adapter failed.
7월 15, 2022 16:06:30.349 [7228:7452:0715/160630.349:ERROR:device_event_log_impl.cc(214)] [16:06:30.349] Bluetooth: bluetooth_adapter_winrt.cc:1074 Getting Default Adapter failed.
7월 15, 2022 16:07:52.962 [5864:3324:0715/160752.962:ERROR:device_event_log_impl.cc(214)] [16:07:52.961] Bluetooth: bluetooth_adapter_winrt.cc:1074 Getting Default Adapter failed.
7월 15, 2022 16:09:31.466 [3820:7628:0715/160931.466:ERROR:device_event_log_impl.cc(214)] [16:09:31.465] Bluetooth: bluetooth_adapter_winrt.cc:1074 Getting Default Adapter failed.

7월 20, 2022 09:01:04.974 NEW SESSION
7월 20, 2022 09:01:04.974 [7540:8972:0720/090104.974:ERROR:device_event_log_impl.cc(214)] [09:01:04.972] Bluetooth: bluetooth_adapter_winrt.cc:1074 Getting Default Adapter failed.
7월 20, 2022 09:02:34.185 [2644:4024:0720/090234.185:ERROR:device_event_log_impl.cc(214)] [09:02:34.178] Bluetooth: bluetooth_adapter_winrt.cc:1074 Getting Default Adapter failed.
7월 20, 2022 09:03:43.753 [9412:10264:0720/090343.753:ERROR:device_event_log_impl.cc(214)] [09:03:43.753] Bluetooth: bluetooth_adapter_winrt.cc:1074 Getting Default Adapter failed.
7월 20, 2022 09:05:10.66 [6644:260:0720/090510.066:ERROR:device_event_log_impl.cc(214)] [09:05:10.061] Bluetooth: bluetooth_adapter_winrt.cc:1074 Getting Default Adapter failed.
7월 20, 2022 09:15:14.91 [2948:6900:0720/091514.091:ERROR:device_event_log_impl.cc(214)] [09:15:14.090] Bluetooth: bluetooth_adapter_winrt.cc:1074 Getting Default Adapter failed.
7월 20, 2022 09:26:11.994 [9692:3408:0720/092611.993:ERROR:device_event_log_impl.cc(214)] [09:26:11.985] Bluetooth: bluetooth_adapter_winrt.cc:1074 Getting Default Adapter failed.
7월 20, 2022 09:30:22.966 [5208:1376:0720/093022.966:ERROR:device_event_log_impl.cc(214)] [09:30:22.979] Bluetooth: bluetooth_adapter_winrt.cc:1074 Getting Default Adapter failed.
7월 20, 2022 09:37:07.02 [3540:1864:0720/093707.002:ERROR:device_event_log_impl.cc(214)] [09:37:07.002] Bluetooth: bluetooth_adapter_winrt.cc:1074 Getting Default Adapter failed.
7월 20, 2022 09:48:54.972 [10860:2384:0720/094854.957:ERROR:usb_descriptors.cc(114)] Failed to parse configuration descriptor.
7월 20, 2022 09:48:54.978 [10860:2384:0720/094854.978:ERROR:device_event_log_impl.cc(214)] [09:48:54.966] Bluetooth: bluetooth_adapter_winrt.cc:1074 Getting Default Adapter failed.
7월 20, 2022 10:10:35.18 [11224:10712:0720/101035.017:ERROR:device_event_log_impl.cc(214)] [10:10:35.012] Bluetooth: bluetooth_adapter_winrt.cc:1074 Getting Default Adapter failed.
7월 20, 2022 10:11:53.948 [2092:2364:0720/101153.948:ERROR:device_event_log_impl.cc(214)] [10:11:53.947] Bluetooth: bluetooth_adapter_winrt.cc:1074 Getting Default Adapter failed.
7월 20, 2022 10:14:44.222 [1304:8892:0720/101444.221:ERROR:device_event_log_impl.cc(214)] [10:14:44.215] Bluetooth: bluetooth_adapter_winrt.cc:1074 Getting Default Adapter failed.
7월 20, 2022 10:18:55.864 [7424:4868:0720/101855.864:ERROR:device_event_log_impl.cc(214)] [10:18:55.873] Bluetooth: bluetooth_adapter_winrt.cc:1074 Getting Default Adapter failed.
7월 20, 2022 10:33:29.531 [5048:10528:0720/103329.531:ERROR:device_event_log_impl.cc(214)] [10:33:29.527] Bluetooth: bluetooth_adapter_winrt.cc:1074 Getting Default Adapter failed.
7월 20, 2022 10:36:00.837 [4120:10488:0720/103600.836:ERROR:device_event_log_impl.cc(214)] [10:36:00.825] Bluetooth: bluetooth_adapter_winrt.cc:1074 Getting Default Adapter failed.
7월 20, 2022 10:48:27.473 [1364:2548:0720/104827.473:ERROR:device_event_log_impl.cc(214)] [10:48:27.467] Bluetooth: bluetooth_adapter_winrt.cc:1074 Getting Default Adapter failed.

7월 20, 2022 14:48:36.377 NEW SESSION
7월 20, 2022 14:48:36.377 [6956:9640:0720/144836.371:ERROR:device_event_log_impl.cc(214)] [14:48:36.371] Bluetooth: bluetooth_adapter_winrt.cc:1074 Getting Default Adapter failed.
7월 20, 2022 14:49:25.428 [2528:9796:0720/144925.427:ERROR:device_event_log_impl.cc(214)] [14:49:25.427] Bluetooth: bluetooth_adapter_winrt.cc:1074 Getting Default Adapter failed.

7월 21, 2022 09:28:15.626 NEW SESSION
7월 21, 2022 09:28:15.627 [8560:9112:0721/092815.620:ERROR:device_event_log_impl.cc(214)] [09:28:15.620] Bluetooth: bluetooth_adapter_winrt.cc:1074 Getting Default Adapter failed.
7월 21, 2022 09:33:47.800 [9988:10352:0721/093347.800:ERROR:device_event_log_impl.cc(214)] [09:33:47.800] Bluetooth: bluetooth_adapter_winrt.cc:1074 Getting Default Adapter failed.
7월 21, 2022 09:35:45.268 [5096:5128:0721/093545.267:ERROR:device_event_log_impl.cc(214)] [09:35:45.267] Bluetooth: bluetooth_adapter_winrt.cc:1074 Getting Default Adapter failed.
7월 21, 2022 09:37:40.659 [3368:5564:0721/093740.658:ERROR:device_event_log_impl.cc(214)] [09:37:40.659] Bluetooth: bluetooth_adapter_winrt.cc:1074 Getting Default Adapter failed.
7월 21, 2022 09:39:59.529 [7676:4544:0721/093959.529:ERROR:device_event_log_impl.cc(214)] [09:39:59.530] Bluetooth: bluetooth_adapter_winrt.cc:1074 Getting Default Adapter failed.
7월 21, 2022 09:45:59.396 [11168:8392:0721/094559.395:ERROR:device_event_log_impl.cc(214)] [09:45:59.395] USB: usb_device_handle_win.cc:1048 Failed to read descriptor from node connection: 시스템에 부착된 장치가 작동하지 않습니다. (0x1F)
7월 21, 2022 09:45:59.397 [11168:8392:0721/094559.395:ERROR:usb_descriptors.cc(141)] Failed to read length for configuration 0.
7월 21, 2022 09:45:59.397 [11168:8392:0721/094559.395:ERROR:usb_descriptors.cc(100)] Failed to read all configuration descriptors. Expected 1, got 0.
7월 21, 2022 09:45:59.397 [11168:8392:0721/094559.396:ERROR:device_event_log_impl.cc(214)] [09:45:59.395] USB: usb_device_win.cc:96 Failed to read descriptors from \\?\usb#vid_0000&pid_3825#6&41a09f2&0&2#{a5dcbf10-6530-11d2-901f-00c04fb951ed}.
7월 21, 2022 09:45:59.401 [11168:8392:0721/094559.400:ERROR:device_event_log_impl.cc(214)] [09:45:59.400] Bluetooth: bluetooth_adapter_winrt.cc:1074 Getting Default Adapter failed.
7월 21, 2022 10:24:57.942 [4676:4544:0721/102457.941:ERROR:device_event_log_impl.cc(214)] [10:24:57.942] Bluetooth: bluetooth_adapter_winrt.cc:1074 Getting Default Adapter failed.
7월 21, 2022 10:28:33.313 [10088:8180:0721/102833.312:ERROR:device_event_log_impl.cc(214)] [10:28:33.312] Bluetooth: bluetooth_adapter_winrt.cc:1074 Getting Default Adapter failed.
7월 21, 2022 10:35:27.929 [8536:2580:0721/103527.928:ERROR:device_event_log_impl.cc(214)] [10:35:27.929] Bluetooth: bluetooth_adapter_winrt.cc:1074 Getting Default Adapter failed.
7월 21, 2022 12:29:41.915 [2964:6480:0721/122941.914:ERROR:device_event_log_impl.cc(214)] [12:29:41.914] Bluetooth: bluetooth_adapter_winrt.cc:1074 Getting Default Adapter failed.
7월 21, 2022 12:33:53.191 [10840:10496:0721/123353.191:ERROR:device_event_log_impl.cc(214)] [12:33:53.191] Bluetooth: bluetooth_adapter_winrt.cc:1074 Getting Default Adapter failed.
7월 21, 2022 12:34:30.998 [5224:8908:0721/123430.998:ERROR:device_event_log_impl.cc(214)] [12:34:30.999] Bluetooth: bluetooth_adapter_winrt.cc:1074 Getting Default Adapter failed.
7월 21, 2022 12:41:28.290 [1132:11124:0721/124128.290:ERROR:device_event_log_impl.cc(214)] [12:41:28.290] Bluetooth: bluetooth_adapter_winrt.cc:1074 Getting Default Adapter failed.
7월 21, 2022 13:55:31.992 [7624:10760:0721/135531.992:ERROR:device_event_log_impl.cc(214)] [13:55:31.992] Bluetooth: bluetooth_adapter_winrt.cc:1074 Getting Default Adapter failed.
7월 21, 2022 15:02:10.848 [8484:10964:0721/150210.848:ERROR:device_event_log_impl.cc(214)] [15:02:10.849] Bluetooth: bluetooth_adapter_winrt.cc:1074 Getting Default Adapter failed.
7월 21, 2022 15:42:46.423 [1708:1064:0721/154246.423:ERROR:device_event_log_impl.cc(214)] [15:42:46.422] Bluetooth: bluetooth_adapter_winrt.cc:1074 Getting Default Adapter failed.
7월 21, 2022 16:06:20.566 [6032:1864:0721/160620.566:ERROR:device_event_log_impl.cc(214)] [16:06:20.565] Bluetooth: bluetooth_adapter_winrt.cc:1074 Getting Default Adapter failed.
7월 21, 2022 16:14:46.518 [932:2708:0721/161446.518:ERROR:device_event_log_impl.cc(214)] [16:14:46.518] Bluetooth: bluetooth_adapter_winrt.cc:1074 Getting Default Adapter failed.
7월 21, 2022 16:27:03.51 [10640:6852:0721/162703.051:ERROR:device_event_log_impl.cc(214)] [16:27:03.051] Bluetooth: bluetooth_adapter_winrt.cc:1074 Getting Default Adapter failed.

7월 22, 2022 11:11:30.342 NEW SESSION
7월 22, 2022 11:11:30.342 [10808:10328:0722/111130.340:ERROR:device_event_log_impl.cc(214)] [11:11:30.340] Bluetooth: bluetooth_adapter_winrt.cc:1074 Getting Default Adapter failed.
7월 22, 2022 11:39:03.628 [2288:6248:0722/113903.627:ERROR:device_event_log_impl.cc(214)] [11:39:03.627] Bluetooth: bluetooth_adapter_winrt.cc:1074 Getting Default Adapter failed.
7월 22, 2022 13:54:08.220 [3548:4116:0722/135408.219:ERROR:device_event_log_impl.cc(214)] [13:54:08.219] Bluetooth: bluetooth_adapter_winrt.cc:1074 Getting Default Adapter failed.

7월 25, 2022 13:53:35.140 NEW SESSION
7월 25, 2022 13:53:35.140 [8896:10012:0725/135335.125:ERROR:device_event_log_impl.cc(214)] [13:53:35.129] Bluetooth: bluetooth_adapter_winrt.cc:1074 Getting Default Adapter failed.
7월 25, 2022 14:58:48.438 [6112:9064:0725/145848.438:ERROR:device_event_log_impl.cc(214)] [14:58:48.433] USB: usb_device_handle_win.cc:1048 Failed to read descriptor from node connection: 시스템에 부착된 장치가 작동하지 않습니다. (0x1F)
7월 25, 2022 14:58:48.439 [6112:9064:0725/145848.438:ERROR:usb_descriptors.cc(117)] Failed to read configuration descriptor.
7월 25, 2022 14:58:48.440 [6112:9064:0725/145848.438:ERROR:usb_descriptors.cc(100)] Failed to read all configuration descriptors. Expected 1, got 0.
7월 25, 2022 14:58:48.440 [6112:9064:0725/145848.438:ERROR:device_event_log_impl.cc(214)] [14:58:48.433] USB: usb_device_win.cc:96 Failed to read descriptors from \\?\usb#vid_0000&pid_3825#6&41a09f2&0&2#{a5dcbf10-6530-11d2-901f-00c04fb951ed}.
7월 25, 2022 14:58:48.441 [6112:9064:0725/145848.439:ERROR:device_event_log_impl.cc(214)] [14:58:48.434] Bluetooth: bluetooth_adapter_winrt.cc:1074 Getting Default Adapter failed.
7월 25, 2022 15:13:33.113 [3780:5988:0725/151333.113:ERROR:device_event_log_impl.cc(214)] [15:13:33.109] Bluetooth: bluetooth_adapter_winrt.cc:1074 Getting Default Adapter failed.
7월 25, 2022 15:18:42.236 [4468:9124:0725/151842.235:ERROR:device_event_log_impl.cc(214)] [15:18:42.231] Bluetooth: bluetooth_adapter_winrt.cc:1074 Getting Default Adapter failed.

7월 27, 2022 10:10:42.815 NEW SESSION
7월 27, 2022 10:10:42.815 [8336:8228:0727/101042.812:ERROR:device_event_log_impl.cc(214)] [10:10:42.812] Bluetooth: bluetooth_adapter_winrt.cc:1074 Getting Default Adapter failed.
7월 27, 2022 10:49:09.432 [8336:8228:0727/104909.431:ERROR:CONSOLE(1)] "Request Overlay.highlightNode failed. {"code":-32600,"message":"The node's document is not active"}", source: devtools://devtools/bundled/devtools-frontend/front_end/core/protocol_client/protocol_client.js (1)
7월 27, 2022 10:49:10.355 [8336:8228:0727/104910.355:ERROR:CONSOLE(1)] "Request Overlay.highlightNode failed. {"code":-32600,"message":"The node's document is not active"}", source: devtools://devtools/bundled/devtools-frontend/front_end/core/protocol_client/protocol_client.js (1)
7월 27, 2022 10:49:10.422 [8336:8228:0727/104910.421:ERROR:CONSOLE(1)] "Request Overlay.highlightNode failed. {"code":-32600,"message":"The node's document is not active"}", source: devtools://devtools/bundled/devtools-frontend/front_end/core/protocol_client/protocol_client.js (1)
7월 27, 2022 10:49:10.788 [8336:8228:0727/104910.788:ERROR:CONSOLE(1)] "Request Overlay.highlightNode failed. {"code":-32600,"message":"The node's document is not active"}", source: devtools://devtools/bundled/devtools-frontend/front_end/core/protocol_client/protocol_client.js (1)
7월 27, 2022 10:49:11.308 [8336:8228:0727/104911.308:ERROR:CONSOLE(1)] "Request Overlay.highlightNode failed. {"code":-32600,"message":"The node's document is not active"}", source: devtools://devtools/bundled/devtools-frontend/front_end/core/protocol_client/protocol_client.js (1)
7월 27, 2022 10:49:13.398 [8336:8228:0727/104913.397:ERROR:CONSOLE(1)] "Request Overlay.highlightNode failed. {"code":-32600,"message":"The node's document is not active"}", source: devtools://devtools/bundled/devtools-frontend/front_end/core/protocol_client/protocol_client.js (1)
7월 27, 2022 10:51:08.01 [8336:8228:0727/105108.000:ERROR:CONSOLE(1)] "Request Overlay.highlightNode failed. {"code":-32600,"message":"The node's document is not active"}", source: devtools://devtools/bundled/devtools-frontend/front_end/core/protocol_client/protocol_client.js (1)
7월 27, 2022 10:51:43.576 [8336:8228:0727/105143.576:ERROR:CONSOLE(1)] "Request Overlay.highlightNode failed. {"code":-32600,"message":"The node's document is not active"}", source: devtools://devtools/bundled/devtools-frontend/front_end/core/protocol_client/protocol_client.js (1)
7월 27, 2022 10:51:44.80 [8336:8228:0727/105144.079:ERROR:CONSOLE(1)] "Request Overlay.highlightNode failed. {"code":-32600,"message":"The node's document is not active"}", source: devtools://devtools/bundled/devtools-frontend/front_end/core/protocol_client/protocol_client.js (1)
7월 27, 2022 10:51:46.968 [8336:8228:0727/105146.967:ERROR:CONSOLE(1)] "Request Overlay.highlightNode failed. {"code":-32600,"message":"The node's document is not active"}", source: devtools://devtools/bundled/devtools-frontend/front_end/core/protocol_client/protocol_client.js (1)
7월 27, 2022 10:51:47.154 [8336:8228:0727/105147.154:ERROR:CONSOLE(1)] "Request Overlay.highlightNode failed. {"code":-32600,"message":"The node's document is not active"}", source: devtools://devtools/bundled/devtools-frontend/front_end/core/protocol_client/protocol_client.js (1)
7월 27, 2022 10:51:47.360 [8336:8228:0727/105147.359:ERROR:CONSOLE(1)] "Request Overlay.highlightNode failed. {"code":-32600,"message":"The node's document is not active"}", source: devtools://devtools/bundled/devtools-frontend/front_end/core/protocol_client/protocol_client.js (1)
7월 27, 2022 10:51:47.409 [8336:8228:0727/105147.408:ERROR:CONSOLE(1)] "Request Overlay.highlightNode failed. {"code":-32600,"message":"The node's document is not active"}", source: devtools://devtools/bundled/devtools-frontend/front_end/core/protocol_client/protocol_client.js (1)
7월 27, 2022 10:51:47.685 [8336:8228:0727/105147.685:ERROR:CONSOLE(1)] "Request Overlay.highlightNode failed. {"code":-32600,"message":"The node's document is not active"}", source: devtools://devtools/bundled/devtools-frontend/front_end/core/protocol_client/protocol_client.js (1)
7월 27, 2022 10:51:48.85 [8336:8228:0727/105148.084:ERROR:CONSOLE(1)] "Request Overlay.highlightNode failed. {"code":-32600,"message":"The node's document is not active"}", source: devtools://devtools/bundled/devtools-frontend/front_end/core/protocol_client/protocol_client.js (1)
7월 27, 2022 10:51:48.525 [8336:8228:0727/105148.525:ERROR:CONSOLE(1)] "Request Overlay.highlightNode failed. {"code":-32600,"message":"The node's document is not active"}", source: devtools://devtools/bundled/devtools-frontend/front_end/core/protocol_client/protocol_client.js (1)
7월 27, 2022 10:51:48.671 [8336:8228:0727/105148.671:ERROR:CONSOLE(1)] "Request Overlay.highlightNode failed. {"code":-32600,"message":"The node's document is not active"}", source: devtools://devtools/bundled/devtools-frontend/front_end/core/protocol_client/protocol_client.js (1)
7월 27, 2022 10:51:48.892 [8336:8228:0727/105148.891:ERROR:CONSOLE(1)] "Request Overlay.highlightNode failed. {"code":-32600,"message":"The node's document is not active"}", source: devtools://devtools/bundled/devtools-frontend/front_end/core/protocol_client/protocol_client.js (1)
7월 27, 2022 10:51:49.40 [8336:8228:0727/105149.039:ERROR:CONSOLE(1)] "Request Overlay.highlightNode failed. {"code":-32600,"message":"The node's document is not active"}", source: devtools://devtools/bundled/devtools-frontend/front_end/core/protocol_client/protocol_client.js (1)
7월 27, 2022 10:51:49.290 [8336:8228:0727/105149.289:ERROR:CONSOLE(1)] "Request Overlay.highlightNode failed. {"code":-32600,"message":"The node's document is not active"}", source: devtools://devtools/bundled/devtools-frontend/front_end/core/protocol_client/protocol_client.js (1)
7월 27, 2022 10:51:50.408 [8336:8228:0727/105150.408:ERROR:CONSOLE(1)] "Request Overlay.highlightNode failed. {"code":-32600,"message":"The node's document is not active"}", source: devtools://devtools/bundled/devtools-frontend/front_end/core/protocol_client/protocol_client.js (1)
7월 27, 2022 10:53:25.837 [8336:8228:0727/105325.837:ERROR:CONSOLE(1)] "Request Overlay.highlightNode failed. {"code":-32600,"message":"The node's document is not active"}", source: devtools://devtools/bundled/devtools-frontend/front_end/core/protocol_client/protocol_client.js (1)
7월 27, 2022 10:53:26.233 [8336:8228:0727/105326.232:ERROR:CONSOLE(1)] "Request Overlay.highlightNode failed. {"code":-32600,"message":"The node's document is not active"}", source: devtools://devtools/bundled/devtools-frontend/front_end/core/protocol_client/protocol_client.js (1)
7월 27, 2022 10:53:26.341 [8336:8228:0727/105326.340:ERROR:CONSOLE(1)] "Request Overlay.highlightNode failed. {"code":-32600,"message":"The node's document is not active"}", source: devtools://devtools/bundled/devtools-frontend/front_end/core/protocol_client/protocol_client.js (1)
7월 27, 2022 10:53:26.581 [8336:8228:0727/105326.581:ERROR:CONSOLE(1)] "Request Overlay.highlightNode failed. {"code":-32600,"message":"The node's document is not active"}", source: devtools://devtools/bundled/devtools-frontend/front_end/core/protocol_client/protocol_client.js (1)
7월 27, 2022 10:53:26.660 [8336:8228:0727/105326.660:ERROR:CONSOLE(1)] "Request Overlay.highlightNode failed. {"code":-32600,"message":"The node's document is not active"}", source: devtools://devtools/bundled/devtools-frontend/front_end/core/protocol_client/protocol_client.js (1)
7월 27, 2022 10:54:10.900 [8336:8228:0727/105410.900:ERROR:CONSOLE(1)] "Request Overlay.highlightNode failed. {"code":-32600,"message":"The node's document is not active"}", source: devtools://devtools/bundled/devtools-frontend/front_end/core/protocol_client/protocol_client.js (1)
7월 27, 2022 10:54:11.494 [8336:8228:0727/105411.493:ERROR:CONSOLE(1)] "Request Overlay.highlightNode failed. {"code":-32600,"message":"The node's document is not active"}", source: devtools://devtools/bundled/devtools-frontend/front_end/core/protocol_client/protocol_client.js (1)
7월 27, 2022 10:54:11.938 [8336:8228:0727/105411.938:ERROR:CONSOLE(1)] "Request Overlay.highlightNode failed. {"code":-32600,"message":"The node's document is not active"}", source: devtools://devtools/bundled/devtools-frontend/front_end/core/protocol_client/protocol_client.js (1)
7월 27, 2022 10:54:12.64 [8336:8228:0727/105412.064:ERROR:CONSOLE(1)] "Request Overlay.highlightNode failed. {"code":-32600,"message":"The node's document is not active"}", source: devtools://devtools/bundled/devtools-frontend/front_end/core/protocol_client/protocol_client.js (1)
7월 27, 2022 10:54:12.152 [8336:8228:0727/105412.151:ERROR:CONSOLE(1)] "Request Overlay.highlightNode failed. {"code":-32600,"message":"The node's document is not active"}", source: devtools://devtools/bundled/devtools-frontend/front_end/core/protocol_client/protocol_client.js (1)
7월 27, 2022 10:54:12.541 [8336:8228:0727/105412.540:ERROR:CONSOLE(1)] "Request Overlay.highlightNode failed. {"code":-32600,"message":"The node's document is not active"}", source: devtools://devtools/bundled/devtools-frontend/front_end/core/protocol_client/protocol_client.js (1)
7월 27, 2022 10:58:59.928 [8336:8228:0727/105859.927:ERROR:CONSOLE(1)] "Request Overlay.highlightNode failed. {"code":-32600,"message":"The node's document is not active"}", source: devtools://devtools/bundled/devtools-frontend/front_end/core/protocol_client/protocol_client.js (1)
7월 27, 2022 10:59:00.157 [8336:8228:0727/105900.156:ERROR:CONSOLE(1)] "Request Overlay.highlightNode failed. {"code":-32600,"message":"The node's document is not active"}", source: devtools://devtools/bundled/devtools-frontend/front_end/core/protocol_client/protocol_client.js (1)
7월 27, 2022 10:59:00.877 [8336:8228:0727/105900.877:ERROR:CONSOLE(1)] "Request Overlay.highlightNode failed. {"code":-32600,"message":"The node's document is not active"}", source: devtools://devtools/bundled/devtools-frontend/front_end/core/protocol_client/protocol_client.js (1)
7월 27, 2022 10:59:01.489 [8336:8228:0727/105901.489:ERROR:CONSOLE(1)] "Request Overlay.highlightNode failed. {"code":-32600,"message":"The node's document is not active"}", source: devtools://devtools/bundled/devtools-frontend/front_end/core/protocol_client/protocol_client.js (1)
7월 27, 2022 10:59:01.959 [8336:8228:0727/105901.959:ERROR:CONSOLE(1)] "Request Overlay.highlightNode failed. {"code":-32600,"message":"The node's document is not active"}", source: devtools://devtools/bundled/devtools-frontend/front_end/core/protocol_client/protocol_client.js (1)
7월 27, 2022 10:59:06.744 [8336:8228:0727/105906.743:ERROR:CONSOLE(1)] "Request Overlay.highlightNode failed. {"code":-32600,"message":"The node's document is not active"}", source: devtools://devtools/bundled/devtools-frontend/front_end/core/protocol_client/protocol_client.js (1)
7월 27, 2022 11:17:02.405 [8336:8228:0727/111702.404:ERROR:CONSOLE(1)] "Request Overlay.highlightNode failed. {"code":-32600,"message":"The node's document is not active"}", source: devtools://devtools/bundled/devtools-frontend/front_end/core/protocol_client/protocol_client.js (1)
7월 27, 2022 11:17:41.908 [8336:8228:0727/111741.907:ERROR:CONSOLE(1)] "Request Overlay.highlightNode failed. {"code":-32600,"message":"The node's document is not active"}", source: devtools://devtools/bundled/devtools-frontend/front_end/core/protocol_client/protocol_client.js (1)
7월 27, 2022 11:17:42.164 [8336:8228:0727/111742.163:ERROR:CONSOLE(1)] "Request Overlay.highlightNode failed. {"code":-32600,"message":"The node's document is not active"}", source: devtools://devtools/bundled/devtools-frontend/front_end/core/protocol_client/protocol_client.js (1)
7월 27, 2022 11:17:43.339 [8336:8228:0727/111743.339:ERROR:CONSOLE(1)] "Request Overlay.highlightNode failed. {"code":-32600,"message":"The node's document is not active"}", source: devtools://devtools/bundled/devtools-frontend/front_end/core/protocol_client/protocol_client.js (1)
7월 27, 2022 11:17:43.666 [8336:8228:0727/111743.665:ERROR:CONSOLE(1)] "Request Overlay.highlightNode failed. {"code":-32600,"message":"The node's document is not active"}", source: devtools://devtools/bundled/devtools-frontend/front_end/core/protocol_client/protocol_client.js (1)
7월 27, 2022 11:17:53.893 [8336:8228:0727/111753.892:ERROR:CONSOLE(1)] "Request Overlay.highlightNode failed. {"code":-32600,"message":"The node's document is not active"}", source: devtools://devtools/bundled/devtools-frontend/front_end/core/protocol_client/protocol_client.js (1)
7월 27, 2022 11:17:53.912 [8336:8228:0727/111753.911:ERROR:CONSOLE(1)] "Request Overlay.highlightNode failed. {"code":-32600,"message":"The node's document is not active"}", source: devtools://devtools/bundled/devtools-frontend/front_end/core/protocol_client/protocol_client.js (1)
7월 27, 2022 11:17:54.176 [8336:8228:0727/111754.176:ERROR:CONSOLE(1)] "Request Overlay.highlightNode failed. {"code":-32600,"message":"The node's document is not active"}", source: devtools://devtools/bundled/devtools-frontend/front_end/core/protocol_client/protocol_client.js (1)
7월 27, 2022 11:17:54.273 [8336:8228:0727/111754.273:ERROR:CONSOLE(1)] "Request Overlay.highlightNode failed. {"code":-32600,"message":"The node's document is not active"}", source: devtools://devtools/bundled/devtools-frontend/front_end/core/protocol_client/protocol_client.js (1)
7월 27, 2022 11:17:57.596 [8336:8228:0727/111757.595:ERROR:CONSOLE(1)] "Request Overlay.highlightNode failed. {"code":-32600,"message":"The node's document is not active"}", source: devtools://devtools/bundled/devtools-frontend/front_end/core/protocol_client/protocol_client.js (1)
7월 27, 2022 11:17:59.442 [8336:8228:0727/111759.441:ERROR:CONSOLE(1)] "Request Overlay.highlightNode failed. {"code":-32600,"message":"The node's document is not active"}", source: devtools://devtools/bundled/devtools-frontend/front_end/core/protocol_client/protocol_client.js (1)
7월 27, 2022 11:21:06.716 [8336:8228:0727/112106.716:ERROR:CONSOLE(1)] "Request Overlay.highlightNode failed. {"code":-32600,"message":"The node's document is not active"}", source: devtools://devtools/bundled/devtools-frontend/front_end/core/protocol_client/protocol_client.js (1)
7월 27, 2022 11:21:06.864 [8336:8228:0727/112106.863:ERROR:CONSOLE(1)] "Request Overlay.highlightNode failed. {"code":-32600,"message":"The node's document is not active"}", source: devtools://devtools/bundled/devtools-frontend/front_end/core/protocol_client/protocol_client.js (1)
7월 27, 2022 11:21:07.169 [8336:8228:0727/112107.169:ERROR:CONSOLE(1)] "Request Overlay.highlightNode failed. {"code":-32600,"message":"The node's document is not active"}", source: devtools://devtools/bundled/devtools-frontend/front_end/core/protocol_client/protocol_client.js (1)
7월 27, 2022 11:21:08.30 [8336:8228:0727/112108.029:ERROR:CONSOLE(1)] "Request Overlay.highlightNode failed. {"code":-32600,"message":"The node's document is not active"}", source: devtools://devtools/bundled/devtools-frontend/front_end/core/protocol_client/protocol_client.js (1)
7월 27, 2022 11:21:09.246 [8336:8228:0727/112109.245:ERROR:CONSOLE(1)] "Request Overlay.highlightNode failed. {"code":-32600,"message":"The node's document is not active"}", source: devtools://devtools/bundled/devtools-frontend/front_end/core/protocol_client/protocol_client.js (1)
7월 27, 2022 11:21:10.335 [8336:8228:0727/112110.334:ERROR:CONSOLE(1)] "Request Overlay.highlightNode failed. {"code":-32600,"message":"The node's document is not active"}", source: devtools://devtools/bundled/devtools-frontend/front_end/core/protocol_client/protocol_client.js (1)
7월 27, 2022 11:21:14.933 [8336:8228:0727/112114.933:ERROR:CONSOLE(1)] "Request Overlay.highlightNode failed. {"code":-32600,"message":"The node's document is not active"}", source: devtools://devtools/bundled/devtools-frontend/front_end/core/protocol_client/protocol_client.js (1)
7월 27, 2022 11:21:14.965 [8336:8228:0727/112114.965:ERROR:CONSOLE(1)] "Request Overlay.highlightNode failed. {"code":-32600,"message":"The node's document is not active"}", source: devtools://devtools/bundled/devtools-frontend/front_end/core/protocol_client/protocol_client.js (1)
7월 27, 2022 11:21:19.37 [8336:8228:0727/112119.037:ERROR:CONSOLE(1)] "Request Overlay.highlightNode failed. {"code":-32600,"message":"The node's document is not active"}", source: devtools://devtools/bundled/devtools-frontend/front_end/core/protocol_client/protocol_client.js (1)
7월 27, 2022 11:21:20.556 [8336:8228:0727/112120.555:ERROR:CONSOLE(1)] "Request Overlay.highlightNode failed. {"code":-32600,"message":"The node's document is not active"}", source: devtools://devtools/bundled/devtools-frontend/front_end/core/protocol_client/protocol_client.js (1)
7월 27, 2022 11:21:20.573 [8336:8228:0727/112120.573:ERROR:CONSOLE(1)] "Request Overlay.highlightNode failed. {"code":-32600,"message":"The node's document is not active"}", source: devtools://devtools/bundled/devtools-frontend/front_end/core/protocol_client/protocol_client.js (1)
7월 27, 2022 11:21:20.603 [8336:8228:0727/112120.603:ERROR:CONSOLE(1)] "Request Overlay.highlightNode failed. {"code":-32600,"message":"The node's document is not active"}", source: devtools://devtools/bundled/devtools-frontend/front_end/core/protocol_client/protocol_client.js (1)
7월 27, 2022 11:21:20.669 [8336:8228:0727/112120.669:ERROR:CONSOLE(1)] "Request Overlay.highlightNode failed. {"code":-32600,"message":"The node's document is not active"}", source: devtools://devtools/bundled/devtools-frontend/front_end/core/protocol_client/protocol_client.js (1)
7월 27, 2022 11:21:20.752 [8336:8228:0727/112120.752:ERROR:CONSOLE(1)] "Request Overlay.highlightNode failed. {"code":-32600,"message":"The node's document is not active"}", source: devtools://devtools/bundled/devtools-frontend/front_end/core/protocol_client/protocol_client.js (1)
7월 27, 2022 11:21:21.972 [8336:8228:0727/112121.971:ERROR:CONSOLE(1)] "Request Overlay.highlightNode failed. {"code":-32600,"message":"The node's document is not active"}", source: devtools://devtools/bundled/devtools-frontend/front_end/core/protocol_client/protocol_client.js (1)
7월 27, 2022 11:21:22.89 [8336:8228:0727/112122.089:ERROR:CONSOLE(1)] "Request Overlay.highlightNode failed. {"code":-32600,"message":"The node's document is not active"}", source: devtools://devtools/bundled/devtools-frontend/front_end/core/protocol_client/protocol_client.js (1)
7월 27, 2022 11:21:22.153 [8336:8228:0727/112122.152:ERROR:CONSOLE(1)] "Request Overlay.highlightNode failed. {"code":-32600,"message":"The node's document is not active"}", source: devtools://devtools/bundled/devtools-frontend/front_end/core/protocol_client/protocol_client.js (1)
7월 27, 2022 11:21:22.237 [8336:8228:0727/112122.236:ERROR:CONSOLE(1)] "Request Overlay.highlightNode failed. {"code":-32600,"message":"The node's document is not active"}", source: devtools://devtools/bundled/devtools-frontend/front_end/core/protocol_client/protocol_client.js (1)
7월 27, 2022 11:21:22.323 [8336:8228:0727/112122.322:ERROR:CONSOLE(1)] "Request Overlay.highlightNode failed. {"code":-32600,"message":"The node's document is not active"}", source: devtools://devtools/bundled/devtools-frontend/front_end/core/protocol_client/protocol_client.js (1)
7월 27, 2022 11:21:23.484 [8336:8228:0727/112123.483:ERROR:CONSOLE(1)] "Request Overlay.highlightNode failed. {"code":-32600,"message":"The node's document is not active"}", source: devtools://devtools/bundled/devtools-frontend/front_end/core/protocol_client/protocol_client.js (1)
7월 27, 2022 11:22:13.181 [8336:8228:0727/112213.181:ERROR:CONSOLE(1)] "Request Overlay.highlightNode failed. {"code":-32600,"message":"The node's document is not active"}", source: devtools://devtools/bundled/devtools-frontend/front_end/core/protocol_client/protocol_client.js (1)
7월 27, 2022 11:22:51.263 [8336:8228:0727/112251.262:ERROR:CONSOLE(1)] "Request Overlay.highlightNode failed. {"code":-32600,"message":"The node's document is not active"}", source: devtools://devtools/bundled/devtools-frontend/front_end/core/protocol_client/protocol_client.js (1)
7월 27, 2022 11:22:52.629 [8336:8228:0727/112252.628:ERROR:CONSOLE(1)] "Request Overlay.highlightNode failed. {"code":-32600,"message":"The node's document is not active"}", source: devtools://devtools/bundled/devtools-frontend/front_end/core/protocol_client/protocol_client.js (1)
7월 27, 2022 11:22:53.213 [8336:8228:0727/112253.212:ERROR:CONSOLE(1)] "Request Overlay.highlightNode failed. {"code":-32600,"message":"The node's document is not active"}", source: devtools://devtools/bundled/devtools-frontend/front_end/core/protocol_client/protocol_client.js (1)
7월 27, 2022 11:23:24.913 [8336:8228:0727/112324.912:ERROR:CONSOLE(1)] "Request Overlay.highlightNode failed. {"code":-32600,"message":"The node's document is not active"}", source: devtools://devtools/bundled/devtools-frontend/front_end/core/protocol_client/protocol_client.js (1)
7월 27, 2022 11:23:24.949 [8336:8228:0727/112324.948:ERROR:CONSOLE(1)] "Request Overlay.highlightNode failed. {"code":-32600,"message":"The node's document is not active"}", source: devtools://devtools/bundled/devtools-frontend/front_end/core/protocol_client/protocol_client.js (1)
7월 27, 2022 11:23:24.983 [8336:8228:0727/112324.983:ERROR:CONSOLE(1)] "Request Overlay.highlightNode failed. {"code":-32600,"message":"The node's document is not active"}", source: devtools://devtools/bundled/devtools-frontend/front_end/core/protocol_client/protocol_client.js (1)
7월 27, 2022 11:23:25.66 [8336:8228:0727/112325.066:ERROR:CONSOLE(1)] "Request Overlay.highlightNode failed. {"code":-32600,"message":"The node's document is not active"}", source: devtools://devtools/bundled/devtools-frontend/front_end/core/protocol_client/protocol_client.js (1)
7월 27, 2022 11:23:25.166 [8336:8228:0727/112325.165:ERROR:CONSOLE(1)] "Request Overlay.highlightNode failed. {"code":-32600,"message":"The node's document is not active"}", source: devtools://devtools/bundled/devtools-frontend/front_end/core/protocol_client/protocol_client.js (1)
7월 27, 2022 11:23:25.333 [8336:8228:0727/112325.332:ERROR:CONSOLE(1)] "Request Overlay.highlightNode failed. {"code":-32600,"message":"The node's document is not active"}", source: devtools://devtools/bundled/devtools-frontend/front_end/core/protocol_client/protocol_client.js (1)
7월 27, 2022 11:23:25.483 [8336:8228:0727/112325.483:ERROR:CONSOLE(1)] "Request Overlay.highlightNode failed. {"code":-32600,"message":"The node's document is not active"}", source: devtools://devtools/bundled/devtools-frontend/front_end/core/protocol_client/protocol_client.js (1)
7월 27, 2022 11:23:25.616 [8336:8228:0727/112325.615:ERROR:CONSOLE(1)] "Request Overlay.highlightNode failed. {"code":-32600,"message":"The node's document is not active"}", source: devtools://devtools/bundled/devtools-frontend/front_end/core/protocol_client/protocol_client.js (1)
7월 27, 2022 11:23:25.933 [8336:8228:0727/112325.932:ERROR:CONSOLE(1)] "Request Overlay.highlightNode failed. {"code":-32600,"message":"The node's document is not active"}", source: devtools://devtools/bundled/devtools-frontend/front_end/core/protocol_client/protocol_client.js (1)
7월 27, 2022 11:23:26.232 [8336:8228:0727/112326.232:ERROR:CONSOLE(1)] "Request Overlay.highlightNode failed. {"code":-32600,"message":"The node's document is not active"}", source: devtools://devtools/bundled/devtools-frontend/front_end/core/protocol_client/protocol_client.js (1)
7월 27, 2022 11:23:26.349 [8336:8228:0727/112326.348:ERROR:CONSOLE(1)] "Request Overlay.highlightNode failed. {"code":-32600,"message":"The node's document is not active"}", source: devtools://devtools/bundled/devtools-frontend/front_end/core/protocol_client/protocol_client.js (1)
7월 27, 2022 11:23:26.451 [8336:8228:0727/112326.450:ERROR:CONSOLE(1)] "Request Overlay.highlightNode failed. {"code":-32600,"message":"The node's document is not active"}", source: devtools://devtools/bundled/devtools-frontend/front_end/core/protocol_client/protocol_client.js (1)
7월 27, 2022 11:23:26.533 [8336:8228:0727/112326.532:ERROR:CONSOLE(1)] "Request Overlay.highlightNode failed. {"code":-32600,"message":"The node's document is not active"}", source: devtools://devtools/bundled/devtools-frontend/front_end/core/protocol_client/protocol_client.js (1)
7월 27, 2022 11:23:26.663 [8336:8228:0727/112326.663:ERROR:CONSOLE(1)] "Request Overlay.highlightNode failed. {"code":-32600,"message":"The node's document is not active"}", source: devtools://devtools/bundled/devtools-frontend/front_end/core/protocol_client/protocol_client.js (1)
7월 27, 2022 11:23:27.461 [8336:8228:0727/112327.461:ERROR:CONSOLE(1)] "Request Overlay.highlightNode failed. {"code":-32600,"message":"The node's document is not active"}", source: devtools://devtools/bundled/devtools-frontend/front_end/core/protocol_client/protocol_client.js (1)
7월 27, 2022 11:23:27.495 [8336:8228:0727/112327.494:ERROR:CONSOLE(1)] "Request Overlay.highlightNode failed. {"code":-32600,"message":"The node's document is not active"}", source: devtools://devtools/bundled/devtools-frontend/front_end/core/protocol_client/protocol_client.js (1)
7월 27, 2022 11:23:27.528 [8336:8228:0727/112327.527:ERROR:CONSOLE(1)] "Request Overlay.highlightNode failed. {"code":-32600,"message":"The node's document is not active"}", source: devtools://devtools/bundled/devtools-frontend/front_end/core/protocol_client/protocol_client.js (1)
7월 27, 2022 11:27:12.713 [8336:8228:0727/112712.713:ERROR:CONSOLE(1)] "Request Overlay.highlightNode failed. {"code":-32600,"message":"The node's document is not active"}", source: devtools://devtools/bundled/devtools-frontend/front_end/core/protocol_client/protocol_client.js (1)
7월 27, 2022 11:29:50.884 [8336:8228:0727/112950.883:ERROR:CONSOLE(1)] "Refused to apply inline style because it violates the following Content Security Policy directive: "default-src 'none'". Either the 'unsafe-inline' keyword, a hash ('sha256-+FNh3lnuYm9Te9tMZ8MaHTvxc2/tysE13NRpwMQbZVk='), or a nonce ('nonce-...') is required to enable inline execution. Note also that 'style-src' was not explicitly set, so 'default-src' is used as a fallback.
7월 27, 2022 11:29:50.884 ", source: data:text/html;charset=utf-8,%3C!doctype%20html%3E%3Chtml%20lang=%22ko%22%3E%3Chead%3E%3Ctitle%3EHTTP%20%EC%83%81%ED%83%9C%20404%20%E2%80%93%20%EC%B0%BE%EC%9D%84%20%EC%88%98%20%EC%97%86%EC%9D%8C%3C/title%3E%3Cstyle%20type=%22text/css%22%3Ebody%20%7Bfont-family:Tahoma,Arial,sans-serif;%7D%20h1,%20h2,%20h3,%20b%20%7Bcolor:white;background-color:%23525D76;%7D%20h1%20%7Bfont-size:22px;%7D%20h2%20%7Bfont-size:16px;%7D%20h3%20%7Bfont-size:14px;%7D%20p%20%7Bfont-size:12px;%7D%20a%20%7Bcolor:black;%7D%20.line%20%7Bheight:1px;background-color:%23525D76;border:none;%7D%3C/style%3E%3C/head%3E%3Cbody%3E%3Ch1%3EHTTP%20%EC%83%81%ED%83%9C%20404%20%E2%80%93%20%EC%B0%BE%EC%9D%84%20%EC%88%98%20%EC%97%86%EC%9D%8C%3C/h1%3E%3Chr%20class=%22line%22%20/%3E%3Cp%3E%3Cb%3E%ED%83%80%EC%9E%85%3C/b%3E%20%EC%83%81%ED%83%9C%20%EB%B3%B4%EA%B3%A0%3C/p%3E%3Cp%3E%3Cb%3E%EC%84%A4%EB%AA%85%3C/b%3E%20Origin%20%EC%84%9C%EB%B2%84%EA%B0%80%20%EB%8C%80%EC%83%81%20%EB%A6%AC%EC%86%8C%EC%8A%A4%EB%A5%BC%20%EC%9C%84%ED%95%9C%20%ED%98%84%EC%9E%AC%EC%9D%98%20representation%EC%9D%84%20%EC%B0%BE%EC%A7%80%20%EB%AA%BB%ED%96%88%EA%B1%B0%EB%82%98,%20%EA%B7%B8%EA%B2%83%EC%9D%B4%20%EC%A1%B4%EC%9E%AC%ED%95%98%EB%8A%94%EC%A7%80%EB%A5%BC%20%EB%B0%9D%ED%9E%88%EB%A0%A4%20%ED%95%98%EC%A7%80%20%EC%95%8A%EC%8A%B5%EB%8B%88%EB%8B%A4.%3C/p%3E%3Chr%20class=%22line%22%20/%3E%3Ch3%3EApache%20Tomcat/9.0.64%3C/h3%3E%3C/body%3E%3C/html%3E (1)
7월 27, 2022 11:29:52.381 [8336:8228:0727/112952.381:ERROR:CONSOLE(1)] "Refused to apply inline style because it violates the following Content Security Policy directive: "default-src 'none'". Either the 'unsafe-inline' keyword, a hash ('sha256-+FNh3lnuYm9Te9tMZ8MaHTvxc2/tysE13NRpwMQbZVk='), or a nonce ('nonce-...') is required to enable inline execution. Note also that 'style-src' was not explicitly set, so 'default-src' is used as a fallback.
7월 27, 2022 11:29:52.382 ", source: data:text/html;charset=utf-8,%3C!doctype%20html%3E%3Chtml%20lang=%22ko%22%3E%3Chead%3E%3Ctitle%3EHTTP%20%EC%83%81%ED%83%9C%20404%20%E2%80%93%20%EC%B0%BE%EC%9D%84%20%EC%88%98%20%EC%97%86%EC%9D%8C%3C/title%3E%3Cstyle%20type=%22text/css%22%3Ebody%20%7Bfont-family:Tahoma,Arial,sans-serif;%7D%20h1,%20h2,%20h3,%20b%20%7Bcolor:white;background-color:%23525D76;%7D%20h1%20%7Bfont-size:22px;%7D%20h2%20%7Bfont-size:16px;%7D%20h3%20%7Bfont-size:14px;%7D%20p%20%7Bfont-size:12px;%7D%20a%20%7Bcolor:black;%7D%20.line%20%7Bheight:1px;background-color:%23525D76;border:none;%7D%3C/style%3E%3C/head%3E%3Cbody%3E%3Ch1%3EHTTP%20%EC%83%81%ED%83%9C%20404%20%E2%80%93%20%EC%B0%BE%EC%9D%84%20%EC%88%98%20%EC%97%86%EC%9D%8C%3C/h1%3E%3Chr%20class=%22line%22%20/%3E%3Cp%3E%3Cb%3E%ED%83%80%EC%9E%85%3C/b%3E%20%EC%83%81%ED%83%9C%20%EB%B3%B4%EA%B3%A0%3C/p%3E%3Cp%3E%3Cb%3E%EC%84%A4%EB%AA%85%3C/b%3E%20Origin%20%EC%84%9C%EB%B2%84%EA%B0%80%20%EB%8C%80%EC%83%81%20%EB%A6%AC%EC%86%8C%EC%8A%A4%EB%A5%BC%20%EC%9C%84%ED%95%9C%20%ED%98%84%EC%9E%AC%EC%9D%98%20representation%EC%9D%84%20%EC%B0%BE%EC%A7%80%20%EB%AA%BB%ED%96%88%EA%B1%B0%EB%82%98,%20%EA%B7%B8%EA%B2%83%EC%9D%B4%20%EC%A1%B4%EC%9E%AC%ED%95%98%EB%8A%94%EC%A7%80%EB%A5%BC%20%EB%B0%9D%ED%9E%88%EB%A0%A4%20%ED%95%98%EC%A7%80%20%EC%95%8A%EC%8A%B5%EB%8B%88%EB%8B%A4.%3C/p%3E%3Chr%20class=%22line%22%20/%3E%3Ch3%3EApache%20Tomcat/9.0.64%3C/h3%3E%3C/body%3E%3C/html%3E (1)
7월 27, 2022 11:29:54.93 [8336:8228:0727/112954.093:ERROR:CONSOLE(1)] "Refused to apply inline style because it violates the following Content Security Policy directive: "default-src 'none'". Either the 'unsafe-inline' keyword, a hash ('sha256-+FNh3lnuYm9Te9tMZ8MaHTvxc2/tysE13NRpwMQbZVk='), or a nonce ('nonce-...') is required to enable inline execution. Note also that 'style-src' was not explicitly set, so 'default-src' is used as a fallback.
7월 27, 2022 11:29:54.94 ", source: data:text/html;charset=utf-8,%3C!doctype%20html%3E%3Chtml%20lang=%22ko%22%3E%3Chead%3E%3Ctitle%3EHTTP%20%EC%83%81%ED%83%9C%20404%20%E2%80%93%20%EC%B0%BE%EC%9D%84%20%EC%88%98%20%EC%97%86%EC%9D%8C%3C/title%3E%3Cstyle%20type=%22text/css%22%3Ebody%20%7Bfont-family:Tahoma,Arial,sans-serif;%7D%20h1,%20h2,%20h3,%20b%20%7Bcolor:white;background-color:%23525D76;%7D%20h1%20%7Bfont-size:22px;%7D%20h2%20%7Bfont-size:16px;%7D%20h3%20%7Bfont-size:14px;%7D%20p%20%7Bfont-size:12px;%7D%20a%20%7Bcolor:black;%7D%20.line%20%7Bheight:1px;background-color:%23525D76;border:none;%7D%3C/style%3E%3C/head%3E%3Cbody%3E%3Ch1%3EHTTP%20%EC%83%81%ED%83%9C%20404%20%E2%80%93%20%EC%B0%BE%EC%9D%84%20%EC%88%98%20%EC%97%86%EC%9D%8C%3C/h1%3E%3Chr%20class=%22line%22%20/%3E%3Cp%3E%3Cb%3E%ED%83%80%EC%9E%85%3C/b%3E%20%EC%83%81%ED%83%9C%20%EB%B3%B4%EA%B3%A0%3C/p%3E%3Cp%3E%3Cb%3E%EC%84%A4%EB%AA%85%3C/b%3E%20Origin%20%EC%84%9C%EB%B2%84%EA%B0%80%20%EB%8C%80%EC%83%81%20%EB%A6%AC%EC%86%8C%EC%8A%A4%EB%A5%BC%20%EC%9C%84%ED%95%9C%20%ED%98%84%EC%9E%AC%EC%9D%98%20representation%EC%9D%84%20%EC%B0%BE%EC%A7%80%20%EB%AA%BB%ED%96%88%EA%B1%B0%EB%82%98,%20%EA%B7%B8%EA%B2%83%EC%9D%B4%20%EC%A1%B4%EC%9E%AC%ED%95%98%EB%8A%94%EC%A7%80%EB%A5%BC%20%EB%B0%9D%ED%9E%88%EB%A0%A4%20%ED%95%98%EC%A7%80%20%EC%95%8A%EC%8A%B5%EB%8B%88%EB%8B%A4.%3C/p%3E%3Chr%20class=%22line%22%20/%3E%3Ch3%3EApache%20Tomcat/9.0.64%3C/h3%3E%3C/body%3E%3C/html%3E (1)
7월 27, 2022 11:29:56.999 [8336:8228:0727/112956.998:ERROR:CONSOLE(1)] "Request Overlay.highlightNode failed. {"code":-32600,"message":"The node's document is not active"}", source: devtools://devtools/bundled/devtools-frontend/front_end/core/protocol_client/protocol_client.js (1)
7월 27, 2022 11:35:54.297 [8336:8228:0727/113554.296:ERROR:CONSOLE(1)] "Request Overlay.highlightNode failed. {"code":-32600,"message":"The node's document is not active"}", source: devtools://devtools/bundled/devtools-frontend/front_end/core/protocol_client/protocol_client.js (1)
7월 27, 2022 11:48:02.163 [8336:8228:0727/114802.163:ERROR:CONSOLE(1)] "Refused to apply inline style because it violates the following Content Security Policy directive: "default-src 'none'". Either the 'unsafe-inline' keyword, a hash ('sha256-+FNh3lnuYm9Te9tMZ8MaHTvxc2/tysE13NRpwMQbZVk='), or a nonce ('nonce-...') is required to enable inline execution. Note also that 'style-src' was not explicitly set, so 'default-src' is used as a fallback.
7월 27, 2022 11:48:02.164 ", source: data:text/html;charset=utf-8,%3C!doctype%20html%3E%3Chtml%20lang=%22ko%22%3E%3Chead%3E%3Ctitle%3EHTTP%20%EC%83%81%ED%83%9C%20404%20%E2%80%93%20%EC%B0%BE%EC%9D%84%20%EC%88%98%20%EC%97%86%EC%9D%8C%3C/title%3E%3Cstyle%20type=%22text/css%22%3Ebody%20%7Bfont-family:Tahoma,Arial,sans-serif;%7D%20h1,%20h2,%20h3,%20b%20%7Bcolor:white;background-color:%23525D76;%7D%20h1%20%7Bfont-size:22px;%7D%20h2%20%7Bfont-size:16px;%7D%20h3%20%7Bfont-size:14px;%7D%20p%20%7Bfont-size:12px;%7D%20a%20%7Bcolor:black;%7D%20.line%20%7Bheight:1px;background-color:%23525D76;border:none;%7D%3C/style%3E%3C/head%3E%3Cbody%3E%3Ch1%3EHTTP%20%EC%83%81%ED%83%9C%20404%20%E2%80%93%20%EC%B0%BE%EC%9D%84%20%EC%88%98%20%EC%97%86%EC%9D%8C%3C/h1%3E%3Chr%20class=%22line%22%20/%3E%3Cp%3E%3Cb%3E%ED%83%80%EC%9E%85%3C/b%3E%20%EC%83%81%ED%83%9C%20%EB%B3%B4%EA%B3%A0%3C/p%3E%3Cp%3E%3Cb%3E%EB%A9%94%EC%8B%9C%EC%A7%80%3C/b%3E%20%EC%9A%94%EC%B2%AD%EB%90%9C%20%EB%A6%AC%EC%86%8C%EC%8A%A4%20%5B&%2347;comment&%2347;%5D%EC%9D%80(%EB%8A%94)%20%EA%B0%80%EC%9A%A9%ED%95%98%EC%A7%80%20%EC%95%8A%EC%8A%B5%EB%8B%88%EB%8B%A4.%3C/p%3E%3Cp%3E%3Cb%3E%EC%84%A4%EB%AA%85%3C/b%3E%20Origin%20%EC%84%9C%EB%B2%84%EA%B0%80%20%EB%8C%80%EC%83%81%20%EB%A6%AC%EC%86%8C%EC%8A%A4%EB%A5%BC%20%EC%9C%84%ED%95%9C%20%ED%98%84%EC%9E%AC%EC%9D%98%20representation%EC%9D%84%20%EC%B0%BE%EC%A7%80%20%EB%AA%BB%ED%96%88%EA%B1%B0%EB%82%98,%20%EA%B7%B8%EA%B2%83%EC%9D%B4%20%EC%A1%B4%EC%9E%AC%ED%95%98%EB%8A%94%EC%A7%80%EB%A5%BC%20%EB%B0%9D%ED%9E%88%EB%A0%A4%20%ED%95%98%EC%A7%80%20%EC%95%8A%EC%8A%B5%EB%8B%88%EB%8B%A4.%3C/p%3E%3Chr%20class=%22line%22%20/%3E%3Ch3%3EApache%20Tomcat/9.0.64%3C/h3%3E%3C/body%3E%3C/html%3E (1)
7월 27, 2022 11:48:03.517 [8336:8228:0727/114803.516:ERROR:CONSOLE(1)] "Refused to apply inline style because it violates the following Content Security Policy directive: "default-src 'none'". Either the 'unsafe-inline' keyword, a hash ('sha256-+FNh3lnuYm9Te9tMZ8MaHTvxc2/tysE13NRpwMQbZVk='), or a nonce ('nonce-...') is required to enable inline execution. Note also that 'style-src' was not explicitly set, so 'default-src' is used as a fallback.
7월 27, 2022 11:48:03.517 ", source: data:text/html;charset=utf-8,%3C!doctype%20html%3E%3Chtml%20lang=%22ko%22%3E%3Chead%3E%3Ctitle%3EHTTP%20%EC%83%81%ED%83%9C%20404%20%E2%80%93%20%EC%B0%BE%EC%9D%84%20%EC%88%98%20%EC%97%86%EC%9D%8C%3C/title%3E%3Cstyle%20type=%22text/css%22%3Ebody%20%7Bfont-family:Tahoma,Arial,sans-serif;%7D%20h1,%20h2,%20h3,%20b%20%7Bcolor:white;background-color:%23525D76;%7D%20h1%20%7Bfont-size:22px;%7D%20h2%20%7Bfont-size:16px;%7D%20h3%20%7Bfont-size:14px;%7D%20p%20%7Bfont-size:12px;%7D%20a%20%7Bcolor:black;%7D%20.line%20%7Bheight:1px;background-color:%23525D76;border:none;%7D%3C/style%3E%3C/head%3E%3Cbody%3E%3Ch1%3EHTTP%20%EC%83%81%ED%83%9C%20404%20%E2%80%93%20%EC%B0%BE%EC%9D%84%20%EC%88%98%20%EC%97%86%EC%9D%8C%3C/h1%3E%3Chr%20class=%22line%22%20/%3E%3Cp%3E%3Cb%3E%ED%83%80%EC%9E%85%3C/b%3E%20%EC%83%81%ED%83%9C%20%EB%B3%B4%EA%B3%A0%3C/p%3E%3Cp%3E%3Cb%3E%EB%A9%94%EC%8B%9C%EC%A7%80%3C/b%3E%20%EC%9A%94%EC%B2%AD%EB%90%9C%20%EB%A6%AC%EC%86%8C%EC%8A%A4%20%5B&%2347;comment&%2347;%5D%EC%9D%80(%EB%8A%94)%20%EA%B0%80%EC%9A%A9%ED%95%98%EC%A7%80%20%EC%95%8A%EC%8A%B5%EB%8B%88%EB%8B%A4.%3C/p%3E%3Cp%3E%3Cb%3E%EC%84%A4%EB%AA%85%3C/b%3E%20Origin%20%EC%84%9C%EB%B2%84%EA%B0%80%20%EB%8C%80%EC%83%81%20%EB%A6%AC%EC%86%8C%EC%8A%A4%EB%A5%BC%20%EC%9C%84%ED%95%9C%20%ED%98%84%EC%9E%AC%EC%9D%98%20representation%EC%9D%84%20%EC%B0%BE%EC%A7%80%20%EB%AA%BB%ED%96%88%EA%B1%B0%EB%82%98,%20%EA%B7%B8%EA%B2%83%EC%9D%B4%20%EC%A1%B4%EC%9E%AC%ED%95%98%EB%8A%94%EC%A7%80%EB%A5%BC%20%EB%B0%9D%ED%9E%88%EB%A0%A4%20%ED%95%98%EC%A7%80%20%EC%95%8A%EC%8A%B5%EB%8B%88%EB%8B%A4.%3C/p%3E%3Chr%20class=%22line%22%20/%3E%3Ch3%3EApache%20Tomcat/9.0.64%3C/h3%3E%3C/body%3E%3C/html%3E (1)
7월 27, 2022 11:48:03.663 [8336:8228:0727/114803.663:ERROR:CONSOLE(1)] "Refused to apply inline style because it violates the following Content Security Policy directive: "default-src 'none'". Either the 'unsafe-inline' keyword, a hash ('sha256-+FNh3lnuYm9Te9tMZ8MaHTvxc2/tysE13NRpwMQbZVk='), or a nonce ('nonce-...') is required to enable inline execution. Note also that 'style-src' was not explicitly set, so 'default-src' is used as a fallback.
7월 27, 2022 11:48:03.664 ", source: data:text/html;charset=utf-8,%3C!doctype%20html%3E%3Chtml%20lang=%22ko%22%3E%3Chead%3E%3Ctitle%3EHTTP%20%EC%83%81%ED%83%9C%20404%20%E2%80%93%20%EC%B0%BE%EC%9D%84%20%EC%88%98%20%EC%97%86%EC%9D%8C%3C/title%3E%3Cstyle%20type=%22text/css%22%3Ebody%20%7Bfont-family:Tahoma,Arial,sans-serif;%7D%20h1,%20h2,%20h3,%20b%20%7Bcolor:white;background-color:%23525D76;%7D%20h1%20%7Bfont-size:22px;%7D%20h2%20%7Bfont-size:16px;%7D%20h3%20%7Bfont-size:14px;%7D%20p%20%7Bfont-size:12px;%7D%20a%20%7Bcolor:black;%7D%20.line%20%7Bheight:1px;background-color:%23525D76;border:none;%7D%3C/style%3E%3C/head%3E%3Cbody%3E%3Ch1%3EHTTP%20%EC%83%81%ED%83%9C%20404%20%E2%80%93%20%EC%B0%BE%EC%9D%84%20%EC%88%98%20%EC%97%86%EC%9D%8C%3C/h1%3E%3Chr%20class=%22line%22%20/%3E%3Cp%3E%3Cb%3E%ED%83%80%EC%9E%85%3C/b%3E%20%EC%83%81%ED%83%9C%20%EB%B3%B4%EA%B3%A0%3C/p%3E%3Cp%3E%3Cb%3E%EB%A9%94%EC%8B%9C%EC%A7%80%3C/b%3E%20%EC%9A%94%EC%B2%AD%EB%90%9C%20%EB%A6%AC%EC%86%8C%EC%8A%A4%20%5B&%2347;comment&%2347;%5D%EC%9D%80(%EB%8A%94)%20%EA%B0%80%EC%9A%A9%ED%95%98%EC%A7%80%20%EC%95%8A%EC%8A%B5%EB%8B%88%EB%8B%A4.%3C/p%3E%3Cp%3E%3Cb%3E%EC%84%A4%EB%AA%85%3C/b%3E%20Origin%20%EC%84%9C%EB%B2%84%EA%B0%80%20%EB%8C%80%EC%83%81%20%EB%A6%AC%EC%86%8C%EC%8A%A4%EB%A5%BC%20%EC%9C%84%ED%95%9C%20%ED%98%84%EC%9E%AC%EC%9D%98%20representation%EC%9D%84%20%EC%B0%BE%EC%A7%80%20%EB%AA%BB%ED%96%88%EA%B1%B0%EB%82%98,%20%EA%B7%B8%EA%B2%83%EC%9D%B4%20%EC%A1%B4%EC%9E%AC%ED%95%98%EB%8A%94%EC%A7%80%EB%A5%BC%20%EB%B0%9D%ED%9E%88%EB%A0%A4%20%ED%95%98%EC%A7%80%20%EC%95%8A%EC%8A%B5%EB%8B%88%EB%8B%A4.%3C/p%3E%3Chr%20class=%22line%22%20/%3E%3Ch3%3EApache%20Tomcat/9.0.64%3C/h3%3E%3C/body%3E%3C/html%3E (1)
7월 27, 2022 14:03:07.226 [7304:11972:0727/140307.225:ERROR:device_event_log_impl.cc(214)] [14:03:07.225] Bluetooth: bluetooth_adapter_winrt.cc:1074 Getting Default Adapter failed.

7월 27, 2022 14:23:30.391 NEW SESSION
7월 27, 2022 14:23:30.391 [972:876:0727/142330.389:ERROR:device_event_log_impl.cc(214)] [14:23:30.388] Bluetooth: bluetooth_adapter_winrt.cc:1074 Getting Default Adapter failed.
7월 27, 2022 14:30:54.884 [4068:5088:0727/143054.884:ERROR:device_event_log_impl.cc(214)] [14:30:54.884] Bluetooth: bluetooth_adapter_winrt.cc:1074 Getting Default Adapter failed.

7월 27, 2022 14:40:45.357 NEW SESSION
7월 27, 2022 14:40:45.357 [4496:2288:0727/144045.355:ERROR:device_event_log_impl.cc(214)] [14:40:45.354] Bluetooth: bluetooth_adapter_winrt.cc:1074 Getting Default Adapter failed.
7월 27, 2022 14:47:20.934 [5884:5040:0727/144720.933:ERROR:device_event_log_impl.cc(214)] [14:47:20.933] Bluetooth: bluetooth_adapter_winrt.cc:1074 Getting Default Adapter failed.
7월 27, 2022 14:52:26.25 [460:1344:0727/145226.025:ERROR:device_event_log_impl.cc(214)] [14:52:26.025] Bluetooth: bluetooth_adapter_winrt.cc:1074 Getting Default Adapter failed.
7월 27, 2022 15:11:52.56 [1380:7204:0727/151152.055:ERROR:device_event_log_impl.cc(214)] [15:11:52.055] Bluetooth: bluetooth_adapter_winrt.cc:1074 Getting Default Adapter failed.
7월 27, 2022 15:29:37.144 [6196:3076:0727/152937.144:ERROR:device_event_log_impl.cc(214)] [15:29:37.144] Bluetooth: bluetooth_adapter_winrt.cc:1074 Getting Default Adapter failed.

7월 27, 2022 15:34:45.161 NEW SESSION
7월 27, 2022 15:34:45.162 [4508:2188:0727/153445.160:ERROR:device_event_log_impl.cc(214)] [15:34:45.159] Bluetooth: bluetooth_adapter_winrt.cc:1074 Getting Default Adapter failed.
7월 27, 2022 15:38:08.546 [7344:4792:0727/153808.546:ERROR:device_event_log_impl.cc(214)] [15:38:08.545] Bluetooth: bluetooth_adapter_winrt.cc:1074 Getting Default Adapter failed.
7월 27, 2022 15:48:42.164 [3496:4776:0727/154842.163:ERROR:usb_descriptors.cc(114)] Failed to parse configuration descriptor.
7월 27, 2022 15:48:42.166 [3496:4776:0727/154842.166:ERROR:device_event_log_impl.cc(214)] [15:48:42.165] Bluetooth: bluetooth_adapter_winrt.cc:1074 Getting Default Adapter failed.
7월 27, 2022 15:58:12.914 [2020:1468:0727/155812.914:ERROR:device_event_log_impl.cc(214)] [15:58:12.914] Bluetooth: bluetooth_adapter_winrt.cc:1074 Getting Default Adapter failed.

7월 28, 2022 09:42:00.344 NEW SESSION
7월 28, 2022 09:42:00.345 [2532:936:0728/094200.343:ERROR:device_event_log_impl.cc(214)] [09:42:00.342] Bluetooth: bluetooth_adapter_winrt.cc:1074 Getting Default Adapter failed.
7월 28, 2022 12:35:14.699 [1916:4304:0728/123514.699:ERROR:device_event_log_impl.cc(214)] [12:35:14.699] Bluetooth: bluetooth_adapter_winrt.cc:1074 Getting Default Adapter failed.
7월 28, 2022 12:40:44.787 [8416:8124:0728/124044.787:ERROR:device_event_log_impl.cc(214)] [12:40:44.786] Bluetooth: bluetooth_adapter_winrt.cc:1074 Getting Default Adapter failed.
7월 28, 2022 12:45:21.291 [456:7804:0728/124521.291:ERROR:device_event_log_impl.cc(214)] [12:45:21.291] Bluetooth: bluetooth_adapter_winrt.cc:1074 Getting Default Adapter failed.
7월 28, 2022 13:58:45.156 [6988:5264:0728/135845.156:ERROR:usb_descriptors.cc(114)] Failed to parse configuration descriptor.
7월 28, 2022 13:58:45.157 [6988:5264:0728/135845.157:ERROR:device_event_log_impl.cc(214)] [13:58:45.157] Bluetooth: bluetooth_adapter_winrt.cc:1074 Getting Default Adapter failed.
7월 28, 2022 14:10:52.123 [6392:1428:0728/141052.123:ERROR:device_event_log_impl.cc(214)] [14:10:52.123] Bluetooth: bluetooth_adapter_winrt.cc:1074 Getting Default Adapter failed.
7월 28, 2022 14:14:12.998 [1916:5816:0728/141412.998:ERROR:device_event_log_impl.cc(214)] [14:14:12.998] Bluetooth: bluetooth_adapter_winrt.cc:1074 Getting Default Adapter failed.
7월 28, 2022 14:18:42.383 [7460:8664:0728/141842.383:ERROR:device_event_log_impl.cc(214)] [14:18:42.383] Bluetooth: bluetooth_adapter_winrt.cc:1074 Getting Default Adapter failed.
7월 28, 2022 14:22:16.448 [7664:5756:0728/142216.448:ERROR:device_event_log_impl.cc(214)] [14:22:16.448] Bluetooth: bluetooth_adapter_winrt.cc:1074 Getting Default Adapter failed.
7월 28, 2022 14:23:36.408 [1432:6540:0728/142336.407:ERROR:device_event_log_impl.cc(214)] [14:23:36.408] USB: usb_device_handle_win.cc:1048 Failed to read descriptor from node connection: 시스템에 부착된 장치가 작동하지 않습니다. (0x1F)
7월 28, 2022 14:23:36.409 [1432:6540:0728/142336.407:ERROR:usb_descriptors.cc(141)] Failed to read length for configuration 0.
7월 28, 2022 14:23:36.410 [1432:6540:0728/142336.407:ERROR:usb_descriptors.cc(100)] Failed to read all configuration descriptors. Expected 1, got 0.
7월 28, 2022 14:23:36.411 [1432:6540:0728/142336.407:ERROR:device_event_log_impl.cc(214)] [14:23:36.408] USB: usb_device_win.cc:96 Failed to read descriptors from \\?\usb#vid_0000&pid_3825#6&41a09f2&0&2#{a5dcbf10-6530-11d2-901f-00c04fb951ed}.
7월 28, 2022 14:23:36.419 [1432:6540:0728/142336.418:ERROR:device_event_log_impl.cc(214)] [14:23:36.419] Bluetooth: bluetooth_adapter_winrt.cc:1074 Getting Default Adapter failed.

7월 28, 2022 15:06:30.554 NEW SESSION
7월 28, 2022 15:06:30.554 [7088:3172:0728/150630.552:ERROR:device_event_log_impl.cc(214)] [15:06:30.552] Bluetooth: bluetooth_adapter_winrt.cc:1074 Getting Default Adapter failed.

7월 28, 2022 15:45:53.470 NEW SESSION
7월 28, 2022 15:45:53.471 [3900:7004:0728/154553.467:ERROR:device_event_log_impl.cc(214)] [15:45:53.455] Bluetooth: bluetooth_adapter_winrt.cc:1074 Getting Default Adapter failed.
7월 28, 2022 15:49:56.439 [9024:2288:0728/154956.439:ERROR:device_event_log_impl.cc(214)] [15:49:56.425] Bluetooth: bluetooth_adapter_winrt.cc:1074 Getting Default Adapter failed.
7월 28, 2022 16:11:02.297 [8556:3364:0728/161102.297:ERROR:device_event_log_impl.cc(214)] [16:11:02.303] Bluetooth: bluetooth_adapter_winrt.cc:1074 Getting Default Adapter failed.

7월 29, 2022 10:13:59.500 NEW SESSION
7월 29, 2022 10:13:59.500 [6624:3760:0729/101359.497:ERROR:device_event_log_impl.cc(214)] [10:13:59.497] Bluetooth: bluetooth_adapter_winrt.cc:1074 Getting Default Adapter failed.
7월 29, 2022 10:21:56.743 [7172:1300:0729/102156.742:ERROR:device_event_log_impl.cc(214)] [10:21:56.743] Bluetooth: bluetooth_adapter_winrt.cc:1074 Getting Default Adapter failed.
7월 29, 2022 11:23:06.05 [8936:5792:0729/112306.005:ERROR:device_event_log_impl.cc(214)] [11:23:06.005] Bluetooth: bluetooth_adapter_winrt.cc:1074 Getting Default Adapter failed.
7월 29, 2022 12:12:51.556 [9320:7936:0729/121251.555:ERROR:device_event_log_impl.cc(214)] [12:12:51.555] Bluetooth: bluetooth_adapter_winrt.cc:1074 Getting Default Adapter failed.
7월 29, 2022 12:32:54.398 [6948:9652:0729/123254.397:ERROR:device_event_log_impl.cc(214)] [12:32:54.398] Bluetooth: bluetooth_adapter_winrt.cc:1074 Getting Default Adapter failed.
7월 29, 2022 12:33:52.289 [3424:1812:0729/123352.289:ERROR:device_event_log_impl.cc(214)] [12:33:52.289] Bluetooth: bluetooth_adapter_winrt.cc:1074 Getting Default Adapter failed.
7월 29, 2022 12:35:39.183 [7060:10220:0729/123539.183:ERROR:device_event_log_impl.cc(214)] [12:35:39.184] Bluetooth: bluetooth_adapter_winrt.cc:1074 Getting Default Adapter failed.
7월 29, 2022 13:58:36.583 [3380:7948:0729/135836.582:ERROR:device_event_log_impl.cc(214)] [13:58:36.582] Bluetooth: bluetooth_adapter_winrt.cc:1074 Getting Default Adapter failed.
7월 29, 2022 14:07:31.918 [5292:4448:0729/140731.918:ERROR:device_event_log_impl.cc(214)] [14:07:31.918] Bluetooth: bluetooth_adapter_winrt.cc:1074 Getting Default Adapter failed.
7월 29, 2022 15:02:19.58 [3192:8580:0729/150219.057:ERROR:device_event_log_impl.cc(214)] [15:02:19.057] Bluetooth: bluetooth_adapter_winrt.cc:1074 Getting Default Adapter failed.
7월 29, 2022 15:04:16.92 [2488:7408:0729/150416.091:ERROR:device_event_log_impl.cc(214)] [15:04:16.092] Bluetooth: bluetooth_adapter_winrt.cc:1074 Getting Default Adapter failed.
7월 29, 2022 15:10:11.748 [5736:8152:0729/151011.748:ERROR:device_event_log_impl.cc(214)] [15:10:11.749] Bluetooth: bluetooth_adapter_winrt.cc:1074 Getting Default Adapter failed.
7월 29, 2022 15:11:12.588 [4348:4792:0729/151112.588:ERROR:device_event_log_impl.cc(214)] [15:11:12.588] Bluetooth: bluetooth_adapter_winrt.cc:1074 Getting Default Adapter failed.
7월 29, 2022 15:12:23.289 [3316:10212:0729/151223.288:ERROR:device_event_log_impl.cc(214)] [15:12:23.289] Bluetooth: bluetooth_adapter_winrt.cc:1074 Getting Default Adapter failed.
7월 29, 2022 15:25:48.296 [7884:5548:0729/152548.296:ERROR:device_event_log_impl.cc(214)] [15:25:48.296] Bluetooth: bluetooth_adapter_winrt.cc:1074 Getting Default Adapter failed.

8월 01, 2022 10:12:36.711 NEW SESSION
8월 01, 2022 10:12:36.711 [2604:9264:0801/101236.708:ERROR:device_event_log_impl.cc(214)] [10:12:36.708] Bluetooth: bluetooth_adapter_winrt.cc:1074 Getting Default Adapter failed.
8월 01, 2022 10:24:53.172 [7404:11260:0801/102453.172:ERROR:device_event_log_impl.cc(214)] [10:24:53.172] USB: usb_device_handle_win.cc:1048 Failed to read descriptor from node connection: 시스템에 부착된 장치가 작동하지 않습니다. (0x1F)
8월 01, 2022 10:24:53.173 [7404:11260:0801/102453.172:ERROR:usb_descriptors.cc(117)] Failed to read configuration descriptor.
8월 01, 2022 10:24:53.173 [7404:11260:0801/102453.172:ERROR:usb_descriptors.cc(100)] Failed to read all configuration descriptors. Expected 1, got 0.
8월 01, 2022 10:24:53.175 [7404:11260:0801/102453.172:ERROR:device_event_log_impl.cc(214)] [10:24:53.172] USB: usb_device_win.cc:96 Failed to read descriptors from \\?\usb#vid_0000&pid_3825#6&41a09f2&0&2#{a5dcbf10-6530-11d2-901f-00c04fb951ed}.
8월 01, 2022 10:24:53.176 [7404:11260:0801/102453.176:ERROR:device_event_log_impl.cc(214)] [10:24:53.177] Bluetooth: bluetooth_adapter_winrt.cc:1074 Getting Default Adapter failed.
8월 01, 2022 10:32:40.540 [10968:3456:0801/103240.540:ERROR:device_event_log_impl.cc(214)] [10:32:40.540] USB: usb_device_handle_win.cc:1048 Failed to read descriptor from node connection: 시스템에 부착된 장치가 작동하지 않습니다. (0x1F)
8월 01, 2022 10:32:40.541 [10968:3456:0801/103240.540:ERROR:usb_descriptors.cc(117)] Failed to read configuration descriptor.
8월 01, 2022 10:32:40.541 [10968:3456:0801/103240.540:ERROR:usb_descriptors.cc(100)] Failed to read all configuration descriptors. Expected 1, got 0.
8월 01, 2022 10:32:40.541 [10968:3456:0801/103240.540:ERROR:device_event_log_impl.cc(214)] [10:32:40.540] USB: usb_device_win.cc:96 Failed to read descriptors from \\?\usb#vid_0000&pid_3825#6&41a09f2&0&2#{a5dcbf10-6530-11d2-901f-00c04fb951ed}.
8월 01, 2022 10:32:40.542 [10968:3456:0801/103240.540:ERROR:device_event_log_impl.cc(214)] [10:32:40.540] Bluetooth: bluetooth_adapter_winrt.cc:1074 Getting Default Adapter failed.
8월 01, 2022 12:30:29.282 [5416:2452:0801/123029.282:ERROR:device_event_log_impl.cc(214)] [12:30:29.282] Bluetooth: bluetooth_adapter_winrt.cc:1074 Getting Default Adapter failed.
8월 01, 2022 13:57:58.909 [5576:3748:0801/135758.909:ERROR:device_event_log_impl.cc(214)] [13:57:58.908] Bluetooth: bluetooth_adapter_winrt.cc:1074 Getting Default Adapter failed.
8월 01, 2022 14:09:13.387 [4116:8700:0801/140913.386:ERROR:device_event_log_impl.cc(214)] [14:09:13.386] Bluetooth: bluetooth_adapter_winrt.cc:1074 Getting Default Adapter failed.
8월 01, 2022 14:11:03.513 [7568:2928:0801/141103.513:ERROR:device_event_log_impl.cc(214)] [14:11:03.513] Bluetooth: bluetooth_adapter_winrt.cc:1074 Getting Default Adapter failed.
8월 01, 2022 14:44:00.965 [6196:6336:0801/144400.965:ERROR:device_event_log_impl.cc(214)] [14:44:00.965] Bluetooth: bluetooth_adapter_winrt.cc:1074 Getting Default Adapter failed.
8월 01, 2022 15:09:51.547 [3528:2452:0801/150951.547:ERROR:device_event_log_impl.cc(214)] [15:09:51.547] Bluetooth: bluetooth_adapter_winrt.cc:1074 Getting Default Adapter failed.

8월 04, 2022 13:46:51.546 NEW SESSION
8월 04, 2022 13:46:51.547 [9684:8068:0804/134651.544:ERROR:device_event_log_impl.cc(214)] [13:46:51.544] Bluetooth: bluetooth_adapter_winrt.cc:1074 Getting Default Adapter failed.
8월 04, 2022 15:09:31.660 [9684:8068:0804/150931.659:ERROR:interface_endpoint_client.cc(665)] Message 0 rejected by interface blink.mojom.WidgetHost
8월 04, 2022 15:59:57.976 [6156:5756:0804/155957.975:ERROR:device_event_log_impl.cc(214)] [15:59:57.975] Bluetooth: bluetooth_adapter_winrt.cc:1074 Getting Default Adapter failed.
8월 04, 2022 16:12:27.425 [3856:10092:0804/161227.425:ERROR:device_event_log_impl.cc(214)] [16:12:27.424] Bluetooth: bluetooth_adapter_winrt.cc:1074 Getting Default Adapter failed.
8월 04, 2022 16:26:06.907 [9648:8884:0804/162606.907:ERROR:device_event_log_impl.cc(214)] [16:26:06.906] Bluetooth: bluetooth_adapter_winrt.cc:1074 Getting Default Adapter failed.

8월 05, 2022 10:34:02.68 NEW SESSION
8월 05, 2022 10:34:02.68 [1216:1748:0805/103402.065:ERROR:device_event_log_impl.cc(214)] [10:34:02.065] Bluetooth: bluetooth_adapter_winrt.cc:1074 Getting Default Adapter failed.
8월 05, 2022 10:36:12.19 [6080:6656:0805/103612.019:ERROR:device_event_log_impl.cc(214)] [10:36:12.019] Bluetooth: bluetooth_adapter_winrt.cc:1074 Getting Default Adapter failed.
8월 05, 2022 10:39:49.992 [5980:7032:0805/103949.992:ERROR:device_event_log_impl.cc(214)] [10:39:49.992] Bluetooth: bluetooth_adapter_winrt.cc:1074 Getting Default Adapter failed.
8월 05, 2022 10:45:20.302 [9192:10612:0805/104520.301:ERROR:device_event_log_impl.cc(214)] [10:45:20.302] Bluetooth: bluetooth_adapter_winrt.cc:1074 Getting Default Adapter failed.

8월 08, 2022 09:41:48.815 NEW SESSION
8월 08, 2022 09:41:48.816 [9604:1880:0808/094148.813:ERROR:device_event_log_impl.cc(214)] [09:41:48.813] Bluetooth: bluetooth_adapter_winrt.cc:1074 Getting Default Adapter failed.
8월 08, 2022 10:07:42.452 [5980:3876:0808/100742.451:ERROR:device_event_log_impl.cc(214)] [10:07:42.451] Bluetooth: bluetooth_adapter_winrt.cc:1074 Getting Default Adapter failed.
8월 08, 2022 11:25:36.14 [11808:7496:0808/112536.014:ERROR:device_event_log_impl.cc(214)] [11:25:36.013] Bluetooth: bluetooth_adapter_winrt.cc:1074 Getting Default Adapter failed.
8월 08, 2022 11:30:21.545 [5344:7680:0808/113021.545:ERROR:usb_descriptors.cc(141)] Failed to read length for configuration 0.
8월 08, 2022 11:30:21.546 [5344:7680:0808/113021.545:ERROR:usb_descriptors.cc(100)] Failed to read all configuration descriptors. Expected 1, got 0.
8월 08, 2022 11:30:21.546 [5344:7680:0808/113021.545:ERROR:device_event_log_impl.cc(214)] [11:30:21.545] USB: usb_device_win.cc:96 Failed to read descriptors from \\?\usb#vid_0000&pid_3825#6&41a09f2&0&2#{a5dcbf10-6530-11d2-901f-00c04fb951ed}.
8월 08, 2022 11:30:21.551 [5344:7680:0808/113021.551:ERROR:device_event_log_impl.cc(214)] [11:30:21.551] Bluetooth: bluetooth_adapter_winrt.cc:1074 Getting Default Adapter failed.
8월 08, 2022 11:37:52.488 [5728:7380:0808/113752.487:ERROR:device_event_log_impl.cc(214)] [11:37:52.487] Bluetooth: bluetooth_adapter_winrt.cc:1074 Getting Default Adapter failed.
8월 08, 2022 11:46:31.608 [9332:11968:0808/114631.608:ERROR:device_event_log_impl.cc(214)] [11:46:31.607] Bluetooth: bluetooth_adapter_winrt.cc:1074 Getting Default Adapter failed.
8월 08, 2022 11:46:53.393 [11828:9884:0808/114653.393:ERROR:device_event_log_impl.cc(214)] [11:46:53.393] Bluetooth: bluetooth_adapter_winrt.cc:1074 Getting Default Adapter failed.
8월 08, 2022 11:47:31.761 [6900:9472:0808/114731.761:ERROR:device_event_log_impl.cc(214)] [11:47:31.761] Bluetooth: bluetooth_adapter_winrt.cc:1074 Getting Default Adapter failed.
8월 08, 2022 11:48:00.44 [7436:11908:0808/114800.043:ERROR:device_event_log_impl.cc(214)] [11:48:00.044] Bluetooth: bluetooth_adapter_winrt.cc:1074 Getting Default Adapter failed.
8월 08, 2022 12:17:44.720 [10892:10168:0808/121744.719:ERROR:device_event_log_impl.cc(214)] [12:17:44.720] Bluetooth: bluetooth_adapter_winrt.cc:1074 Getting Default Adapter failed.
8월 08, 2022 12:22:56.253 [6032:4624:0808/122256.253:ERROR:device_event_log_impl.cc(214)] [12:22:56.253] Bluetooth: bluetooth_adapter_winrt.cc:1074 Getting Default Adapter failed.
8월 08, 2022 12:32:08.146 [1308:2576:0808/123208.146:ERROR:device_event_log_impl.cc(214)] [12:32:08.146] Bluetooth: bluetooth_adapter_winrt.cc:1074 Getting Default Adapter failed.
8월 08, 2022 12:47:59.860 [7540:8224:0808/124759.859:ERROR:device_event_log_impl.cc(214)] [12:47:59.859] Bluetooth: bluetooth_adapter_winrt.cc:1074 Getting Default Adapter failed.
8월 08, 2022 14:33:44.129 [7540:8224:0808/143344.128:ERROR:interface_endpoint_client.cc(665)] Message 1 rejected by interface blink.mojom.WidgetHost
8월 08, 2022 15:44:27.982 [7540:8224:0808/154427.981:ERROR:interface_endpoint_client.cc(665)] Message 1 rejected by interface blink.mojom.WidgetHost

8월 10, 2022 09:45:12.850 NEW SESSION
8월 10, 2022 09:45:12.850 [6660:5448:0810/094512.847:ERROR:device_event_log_impl.cc(214)] [09:45:12.847] Bluetooth: bluetooth_adapter_winrt.cc:1074 Getting Default Adapter failed.
8월 10, 2022 09:47:41.49 [8812:9468:0810/094741.049:ERROR:device_event_log_impl.cc(214)] [09:47:41.049] Bluetooth: bluetooth_adapter_winrt.cc:1074 Getting Default Adapter failed.
8월 10, 2022 11:16:39.353 [2032:10312:0810/111639.353:ERROR:device_event_log_impl.cc(214)] [11:16:39.352] Bluetooth: bluetooth_adapter_winrt.cc:1074 Getting Default Adapter failed.
8월 10, 2022 12:10:42.956 [10324:9220:0810/121042.956:ERROR:device_event_log_impl.cc(214)] [12:10:42.956] Bluetooth: bluetooth_adapter_winrt.cc:1074 Getting Default Adapter failed.

8월 11, 2022 09:40:40.58 NEW SESSION
8월 11, 2022 09:40:40.58 [7904:5564:0811/094040.056:ERROR:device_event_log_impl.cc(214)] [09:40:40.056] Bluetooth: bluetooth_adapter_winrt.cc:1074 Getting Default Adapter failed.
8월 11, 2022 10:36:32.110 [6392:4072:0811/103632.110:ERROR:device_event_log_impl.cc(214)] [10:36:32.110] Bluetooth: bluetooth_adapter_winrt.cc:1074 Getting Default Adapter failed.
8월 11, 2022 11:10:44.773 [5664:3976:0811/111044.773:ERROR:device_event_log_impl.cc(214)] [11:10:44.773] Bluetooth: bluetooth_adapter_winrt.cc:1074 Getting Default Adapter failed.
8월 11, 2022 11:34:40.647 [540:7556:0811/113440.647:ERROR:device_event_log_impl.cc(214)] [11:34:40.647] Bluetooth: bluetooth_adapter_winrt.cc:1074 Getting Default Adapter failed.
8월 11, 2022 12:14:37.737 [3464:2016:0811/121437.737:ERROR:device_event_log_impl.cc(214)] [12:14:37.737] Bluetooth: bluetooth_adapter_winrt.cc:1074 Getting Default Adapter failed.
8월 11, 2022 12:44:03.391 [2636:3848:0811/124403.390:ERROR:device_event_log_impl.cc(214)] [12:44:03.390] Bluetooth: bluetooth_adapter_winrt.cc:1074 Getting Default Adapter failed.
8월 11, 2022 12:46:38.710 [6520:8292:0811/124638.710:ERROR:device_event_log_impl.cc(214)] [12:46:38.710] Bluetooth: bluetooth_adapter_winrt.cc:1074 Getting Default Adapter failed.
8월 11, 2022 12:46:38.713 [6520:8292:0811/124638.712:ERROR:usb_descriptors.cc(141)] Failed to read length for configuration 0.
8월 11, 2022 12:46:38.713 [6520:8292:0811/124638.712:ERROR:usb_descriptors.cc(100)] Failed to read all configuration descriptors. Expected 1, got 0.
8월 11, 2022 12:46:38.713 [6520:8292:0811/124638.712:ERROR:device_event_log_impl.cc(214)] [12:46:38.712] USB: usb_device_win.cc:96 Failed to read descriptors from \\?\usb#vid_0000&pid_3825#6&3175743c&0&3#{a5dcbf10-6530-11d2-901f-00c04fb951ed}.
8월 11, 2022 14:59:39.717 [4164:6544:0811/145939.717:ERROR:device_event_log_impl.cc(214)] [14:59:39.717] Bluetooth: bluetooth_adapter_winrt.cc:1074 Getting Default Adapter failed.
8월 11, 2022 15:05:07.207 [7808:2248:0811/150507.207:ERROR:device_event_log_impl.cc(214)] [15:05:07.207] Bluetooth: bluetooth_adapter_winrt.cc:1074 Getting Default Adapter failed.
8월 11, 2022 15:06:52.591 [7380:9204:0811/150652.590:ERROR:device_event_log_impl.cc(214)] [15:06:52.591] Bluetooth: bluetooth_adapter_winrt.cc:1074 Getting Default Adapter failed.
8월 11, 2022 15:06:52.595 [7380:9204:0811/150652.595:ERROR:device_event_log_impl.cc(214)] [15:06:52.595] USB: usb_device_handle_win.cc:1048 Failed to read descriptor from node connection: 시스템에 부착된 장치가 작동하지 않습니다. (0x1F)
8월 11, 2022 15:06:52.595 [7380:9204:0811/150652.595:ERROR:usb_descriptors.cc(117)] Failed to read configuration descriptor.
8월 11, 2022 15:06:52.596 [7380:9204:0811/150652.595:ERROR:usb_descriptors.cc(100)] Failed to read all configuration descriptors. Expected 1, got 0.
8월 11, 2022 15:06:52.596 [7380:9204:0811/150652.595:ERROR:device_event_log_impl.cc(214)] [15:06:52.595] USB: usb_device_win.cc:96 Failed to read descriptors from \\?\usb#vid_0000&pid_3825#6&3175743c&0&3#{a5dcbf10-6530-11d2-901f-00c04fb951ed}.
8월 11, 2022 15:59:49.56 [6960:9396:0811/155949.056:ERROR:device_event_log_impl.cc(214)] [15:59:49.056] Bluetooth: bluetooth_adapter_winrt.cc:1074 Getting Default Adapter failed.

8월 16, 2022 10:14:32.804 NEW SESSION
8월 16, 2022 10:14:32.804 [6832:8520:0816/101432.800:ERROR:device_event_log_impl.cc(214)] [10:14:32.800] Bluetooth: bluetooth_adapter_winrt.cc:1074 Getting Default Adapter failed.
8월 16, 2022 10:16:00.588 [5800:8676:0816/101600.588:ERROR:device_event_log_impl.cc(214)] [10:16:00.588] Bluetooth: bluetooth_adapter_winrt.cc:1074 Getting Default Adapter failed.
8월 16, 2022 10:22:39.654 [5092:9256:0816/102239.654:ERROR:device_event_log_impl.cc(214)] [10:22:39.654] Bluetooth: bluetooth_adapter_winrt.cc:1074 Getting Default Adapter failed.

8월 17, 2022 11:41:56.263 NEW SESSION
8월 17, 2022 11:41:56.263 [9596:11748:0817/114156.260:ERROR:device_event_log_impl.cc(214)] [11:41:56.259] Bluetooth: bluetooth_adapter_winrt.cc:1074 Getting Default Adapter failed.
8월 17, 2022 11:41:56.268 [9596:11748:0817/114156.268:ERROR:device_event_log_impl.cc(214)] [11:41:56.267] USB: usb_device_handle_win.cc:1048 Failed to read descriptor from node connection: 시스템에 부착된 장치가 작동하지 않습니다. (0x1F)
8월 17, 2022 11:41:56.269 [9596:11748:0817/114156.268:ERROR:usb_descriptors.cc(117)] Failed to read configuration descriptor.
8월 17, 2022 11:41:56.269 [9596:11748:0817/114156.268:ERROR:usb_descriptors.cc(100)] Failed to read all configuration descriptors. Expected 1, got 0.
8월 17, 2022 11:41:56.269 [9596:11748:0817/114156.268:ERROR:device_event_log_impl.cc(214)] [11:41:56.267] USB: usb_device_win.cc:96 Failed to read descriptors from \\?\usb#vid_0000&pid_3825#6&3175743c&0&3#{a5dcbf10-6530-11d2-901f-00c04fb951ed}.
8월 17, 2022 12:11:07.673 [9596:11748:0817/121107.673:ERROR:device_event_log_impl.cc(214)] [12:11:07.672] Bluetooth: bluetooth_adapter_winrt.cc:1074 Getting Default Adapter failed.

8월 18, 2022 09:21:38.160 NEW SESSION
8월 18, 2022 09:21:38.160 [2648:5600:0818/092138.158:ERROR:device_event_log_impl.cc(214)] [09:21:38.158] Bluetooth: bluetooth_adapter_winrt.cc:1074 Getting Default Adapter failed.
8월 18, 2022 12:23:36.638 [2648:5600:0818/122336.638:ERROR:device_event_log_impl.cc(214)] [12:23:36.638] Bluetooth: bluetooth_adapter_winrt.cc:1074 Getting Default Adapter failed.
8월 18, 2022 13:51:25.581 [12992:1836:0818/135125.580:ERROR:device_event_log_impl.cc(214)] [13:51:25.580] Bluetooth: bluetooth_adapter_winrt.cc:1074 Getting Default Adapter failed.
8월 18, 2022 13:53:12.940 [12528:3864:0818/135312.939:ERROR:device_event_log_impl.cc(214)] [13:53:12.938] Bluetooth: bluetooth_adapter_winrt.cc:1074 Getting Default Adapter failed.
8월 18, 2022 17:33:17.445 [12528:3864:0818/173317.444:ERROR:device_event_log_impl.cc(214)] [17:33:17.445] Bluetooth: bluetooth_adapter_winrt.cc:1074 Getting Default Adapter failed.
8월 18, 2022 18:17:37.813 [13276:6128:0818/181737.813:ERROR:device_event_log_impl.cc(214)] [18:17:37.813] Bluetooth: bluetooth_adapter_winrt.cc:1074 Getting Default Adapter failed.

8월 22, 2022 11:45:31.167 NEW SESSION
8월 22, 2022 11:45:31.167 [7448:7456:0822/114531.163:ERROR:device_event_log_impl.cc(214)] [11:45:31.164] Bluetooth: bluetooth_adapter_winrt.cc:1074 Getting Default Adapter failed.

8월 25, 2022 10:13:26.281 NEW SESSION
8월 25, 2022 10:13:26.281 [8176:11696:0825/101326.278:ERROR:device_event_log_impl.cc(214)] [10:13:26.279] Bluetooth: bluetooth_adapter_winrt.cc:1074 Getting Default Adapter failed.
8월 25, 2022 10:14:18.738 [8744:6184:0825/101418.738:ERROR:device_event_log_impl.cc(214)] [10:14:18.738] Bluetooth: bluetooth_adapter_winrt.cc:1074 Getting Default Adapter failed.
8월 25, 2022 10:44:37.570 [13248:7076:0825/104437.570:ERROR:device_event_log_impl.cc(214)] [10:44:37.570] Bluetooth: bluetooth_adapter_winrt.cc:1074 Getting Default Adapter failed.
8월 25, 2022 10:46:55.214 [13304:12840:0825/104655.214:ERROR:device_event_log_impl.cc(214)] [10:46:55.214] Bluetooth: bluetooth_adapter_winrt.cc:1074 Getting Default Adapter failed.
8월 25, 2022 11:27:02.758 [6716:5452:0825/112702.757:ERROR:device_event_log_impl.cc(214)] [11:27:02.757] Bluetooth: bluetooth_adapter_winrt.cc:1074 Getting Default Adapter failed.
8월 25, 2022 11:29:58.527 [8216:11632:0825/112958.527:ERROR:device_event_log_impl.cc(214)] [11:29:58.527] Bluetooth: bluetooth_adapter_winrt.cc:1074 Getting Default Adapter failed.
8월 25, 2022 11:31:39.699 [6192:5720:0825/113139.699:ERROR:device_event_log_impl.cc(214)] [11:31:39.699] Bluetooth: bluetooth_adapter_winrt.cc:1074 Getting Default Adapter failed.
8월 25, 2022 11:31:39.715 [6192:5720:0825/113139.715:ERROR:usb_descriptors.cc(114)] Failed to parse configuration descriptor.
8월 25, 2022 11:36:09.42 [6060:7256:0825/113609.041:ERROR:device_event_log_impl.cc(214)] [11:36:09.041] Bluetooth: bluetooth_adapter_winrt.cc:1074 Getting Default Adapter failed.
8월 25, 2022 12:07:03.77 [1844:10340:0825/120703.077:ERROR:device_event_log_impl.cc(214)] [12:07:03.077] Bluetooth: bluetooth_adapter_winrt.cc:1074 Getting Default Adapter failed.
8월 25, 2022 12:07:03.84 [1844:10340:0825/120703.084:ERROR:usb_descriptors.cc(114)] Failed to parse configuration descriptor.
8월 25, 2022 12:18:08.866 [5304:7704:0825/121808.866:ERROR:device_event_log_impl.cc(214)] [12:18:08.866] Bluetooth: bluetooth_adapter_winrt.cc:1074 Getting Default Adapter failed.
8월 25, 2022 12:18:08.876 [5304:7704:0825/121808.876:ERROR:device_event_log_impl.cc(214)] [12:18:08.876] USB: usb_device_handle_win.cc:1048 Failed to read descriptor from node connection: 시스템에 부착된 장치가 작동하지 않습니다. (0x1F)
8월 25, 2022 12:18:08.877 [5304:7704:0825/121808.876:ERROR:usb_descriptors.cc(117)] Failed to read configuration descriptor.
8월 25, 2022 12:18:08.877 [5304:7704:0825/121808.876:ERROR:usb_descriptors.cc(100)] Failed to read all configuration descriptors. Expected 1, got 0.
8월 25, 2022 12:18:08.877 [5304:7704:0825/121808.876:ERROR:device_event_log_impl.cc(214)] [12:18:08.876] USB: usb_device_win.cc:96 Failed to read descriptors from \\?\usb#vid_0000&pid_3825#6&3175743c&0&3#{a5dcbf10-6530-11d2-901f-00c04fb951ed}.
8월 25, 2022 12:40:13.880 [1372:4352:0825/124013.880:ERROR:device_event_log_impl.cc(214)] [12:40:13.880] Bluetooth: bluetooth_adapter_winrt.cc:1074 Getting Default Adapter failed.

8월 26, 2022 09:32:22.468 NEW SESSION
8월 26, 2022 09:32:22.468 [772:15472:0826/093222.464:ERROR:device_event_log_impl.cc(214)] [09:32:22.465] Bluetooth: bluetooth_adapter_winrt.cc:1074 Getting Default Adapter failed.
8월 26, 2022 10:07:24.806 [15432:13324:0826/100724.806:ERROR:device_event_log_impl.cc(214)] [10:07:24.805] Bluetooth: bluetooth_adapter_winrt.cc:1074 Getting Default Adapter failed.
8월 26, 2022 10:07:24.816 [15432:13324:0826/100724.816:ERROR:device_event_log_impl.cc(214)] [10:07:24.816] USB: usb_device_handle_win.cc:1048 Failed to read descriptor from node connection: 시스템에 부착된 장치가 작동하지 않습니다. (0x1F)
8월 26, 2022 10:07:24.817 [15432:13324:0826/100724.816:ERROR:usb_descriptors.cc(117)] Failed to read configuration descriptor.
8월 26, 2022 10:07:24.817 [15432:13324:0826/100724.816:ERROR:usb_descriptors.cc(100)] Failed to read all configuration descriptors. Expected 1, got 0.
8월 26, 2022 10:07:24.818 [15432:13324:0826/100724.816:ERROR:device_event_log_impl.cc(214)] [10:07:24.816] USB: usb_device_win.cc:96 Failed to read descriptors from \\?\usb#vid_0000&pid_3825#6&3175743c&0&3#{a5dcbf10-6530-11d2-901f-00c04fb951ed}.

8월 31, 2022 11:09:48.508 NEW SESSION
8월 31, 2022 11:09:48.508 [11696:6452:0831/110948.492:ERROR:device_event_log_impl.cc(214)] [11:09:48.492] Bluetooth: bluetooth_adapter_winrt.cc:1074 Getting Default Adapter failed.
8월 31, 2022 11:35:20.127 [2600:6484:0831/113520.127:ERROR:device_event_log_impl.cc(214)] [11:35:20.127] Bluetooth: bluetooth_adapter_winrt.cc:1074 Getting Default Adapter failed.

8월 31, 2022 11:44:52.306 NEW SESSION
8월 31, 2022 11:44:52.307 [11100:12392:0831/114452.304:ERROR:device_event_log_impl.cc(214)] [11:44:52.304] Bluetooth: bluetooth_adapter_winrt.cc:1074 Getting Default Adapter failed.
8월 31, 2022 11:44:52.314 [11100:12392:0831/114452.314:ERROR:device_event_log_impl.cc(214)] [11:44:52.314] USB: usb_device_handle_win.cc:1048 Failed to read descriptor from node connection: 시스템에 부착된 장치가 작동하지 않습니다. (0x1F)
8월 31, 2022 11:44:52.315 [11100:12392:0831/114452.314:ERROR:usb_descriptors.cc(117)] Failed to read configuration descriptor.
8월 31, 2022 11:44:52.315 [11100:12392:0831/114452.314:ERROR:usb_descriptors.cc(100)] Failed to read all configuration descriptors. Expected 1, got 0.
8월 31, 2022 11:44:52.316 [11100:12392:0831/114452.314:ERROR:device_event_log_impl.cc(214)] [11:44:52.314] USB: usb_device_win.cc:96 Failed to read descriptors from \\?\usb#vid_0000&pid_3825#6&3175743c&0&3#{a5dcbf10-6530-11d2-901f-00c04fb951ed}.
8월 31, 2022 11:44:54.104 [11100:15700:0831/114454.104:ERROR:get_updates_processor.cc(260)] PostClientToServerMessage() failed during GetUpdates with error 2
8월 31, 2022 11:45:10.276 [9808:16996:0831/114510.276:ERROR:device_event_log_impl.cc(214)] [11:45:10.277] Bluetooth: bluetooth_adapter_winrt.cc:1074 Getting Default Adapter failed.

9월 01, 2022 13:55:01.930 NEW SESSION
9월 01, 2022 13:55:01.930 [5008:14188:0901/135501.910:ERROR:device_event_log_impl.cc(214)] [13:55:01.910] Bluetooth: bluetooth_adapter_winrt.cc:1074 Getting Default Adapter failed.
9월 01, 2022 13:55:01.931 [5008:14188:0901/135501.923:ERROR:device_event_log_impl.cc(214)] [13:55:01.923] USB: usb_device_handle_win.cc:1048 Failed to read descriptor from node connection: 시스템에 부착된 장치가 작동하지 않습니다. (0x1F)
9월 01, 2022 13:55:01.931 [5008:14188:0901/135501.923:ERROR:usb_descriptors.cc(117)] Failed to read configuration descriptor.
9월 01, 2022 13:55:01.932 [5008:14188:0901/135501.923:ERROR:usb_descriptors.cc(100)] Failed to read all configuration descriptors. Expected 1, got 0.
9월 01, 2022 13:55:01.932 [5008:14188:0901/135501.923:ERROR:device_event_log_impl.cc(214)] [13:55:01.923] USB: usb_device_win.cc:96 Failed to read descriptors from \\?\usb#vid_0000&pid_3825#6&3175743c&0&3#{a5dcbf10-6530-11d2-901f-00c04fb951ed}.
